{"meta": {"format": 3, "version": "7.13.1", "timestamp": "2025-12-31T12:42:32.602606", "branch_coverage": false, "show_contexts": false}, "files": {"Crawler.py": {"executed_lines": [3, 5, 6, 7, 8, 9, 10, 12, 13, 15, 20, 23, 24, 25, 26, 29, 30, 31, 32, 34, 35, 36, 37, 40, 41, 42, 44, 46, 47, 50, 51, 52, 53, 54, 55, 56, 57, 60, 63, 73, 74, 75, 76, 77, 78, 79, 81, 82, 83, 85, 164, 165, 166, 169, 173, 174, 175, 176, 177, 181, 183, 185, 188, 189, 190, 191, 193, 196, 205, 206, 207, 213, 214, 218, 219, 221, 222, 223, 235, 237, 254, 264], "summary": {"covered_lines": 82, "num_statements": 181, "percent_covered": 45.30386740331492, "percent_covered_display": "45", "missing_lines": 99, "excluded_lines": 2, "percent_statements_covered": 45.30386740331492, "percent_statements_covered_display": "45"}, "missing_lines": [33, 43, 45, 88, 89, 91, 93, 94, 97, 99, 100, 101, 102, 103, 104, 109, 110, 112, 113, 114, 115, 116, 118, 119, 120, 121, 122, 123, 124, 125, 126, 127, 128, 130, 131, 133, 134, 136, 137, 139, 140, 141, 143, 144, 145, 146, 152, 153, 155, 156, 158, 159, 160, 161, 162, 170, 171, 178, 179, 182, 184, 186, 194, 208, 209, 210, 211, 217, 224, 225, 226, 227, 228, 229, 230, 231, 232, 233, 234, 238, 239, 240, 241, 242, 243, 244, 245, 246, 247, 248, 249, 250, 251, 252, 257, 258, 259, 260, 261], "excluded_lines": [17, 18], "functions": {"is_trusted_domain": {"executed_lines": [30, 31, 32, 34, 35, 36, 37], "summary": {"covered_lines": 7, "num_statements": 8, "percent_covered": 87.5, "percent_covered_display": "88", "missing_lines": 1, "excluded_lines": 0, "percent_statements_covered": 87.5, "percent_statements_covered_display": "88"}, "missing_lines": [33], "excluded_lines": [], "start_line": 29}, "normalize_url": {"executed_lines": [41, 42, 44, 46, 47], "summary": {"covered_lines": 5, "num_statements": 7, "percent_covered": 71.42857142857143, "percent_covered_display": "71", "missing_lines": 2, "excluded_lines": 0, "percent_statements_covered": 71.42857142857143, "percent_statements_covered_display": "71"}, "missing_lines": [43, 45], "excluded_lines": [], "start_line": 40}, "AcademicCrawler.__init__": {"executed_lines": [73, 74, 75, 76, 77, 78, 79, 81, 82, 83], "summary": {"covered_lines": 10, "num_statements": 10, "percent_covered": 100.0, "percent_covered_display": "100", "missing_lines": 0, "excluded_lines": 0, "percent_statements_covered": 100.0, "percent_statements_covered_display": "100"}, "missing_lines": [], "excluded_lines": [], "start_line": 63}, "AcademicCrawler.crawl": {"executed_lines": [], "summary": {"covered_lines": 0, "num_statements": 52, "percent_covered": 0.0, "percent_covered_display": "0", "missing_lines": 52, "excluded_lines": 0, "percent_statements_covered": 0.0, "percent_statements_covered_display": "0"}, "missing_lines": [88, 89, 91, 93, 94, 97, 99, 100, 101, 102, 103, 104, 109, 110, 112, 113, 114, 115, 116, 118, 119, 120, 121, 122, 123, 124, 125, 126, 127, 128, 130, 131, 133, 134, 136, 137, 139, 140, 141, 143, 144, 145, 146, 152, 153, 155, 156, 158, 159, 160, 161, 162], "excluded_lines": [], "start_line": 85}, "AcademicCrawler._fetch_page": {"executed_lines": [165, 166, 169, 173, 174, 175, 176, 177, 181, 183, 185, 188, 189, 190, 191, 193, 196], "summary": {"covered_lines": 17, "num_statements": 25, "percent_covered": 68.0, "percent_covered_display": "68", "missing_lines": 8, "excluded_lines": 0, "percent_statements_covered": 68.0, "percent_statements_covered_display": "68"}, "missing_lines": [170, 171, 178, 179, 182, 184, 186, 194], "excluded_lines": [], "start_line": 164}, "AcademicCrawler._extract_title": {"executed_lines": [206, 207], "summary": {"covered_lines": 2, "num_statements": 6, "percent_covered": 33.333333333333336, "percent_covered_display": "33", "missing_lines": 4, "excluded_lines": 0, "percent_statements_covered": 33.333333333333336, "percent_statements_covered_display": "33"}, "missing_lines": [208, 209, 210, 211], "excluded_lines": [], "start_line": 205}, "AcademicCrawler._extract_text": {"executed_lines": [214, 218, 219], "summary": {"covered_lines": 3, "num_statements": 4, "percent_covered": 75.0, "percent_covered_display": "75", "missing_lines": 1, "excluded_lines": 0, "percent_statements_covered": 75.0, "percent_statements_covered_display": "75"}, "missing_lines": [217], "excluded_lines": [], "start_line": 213}, "AcademicCrawler._extract_links": {"executed_lines": [222, 223, 235], "summary": {"covered_lines": 3, "num_statements": 14, "percent_covered": 21.428571428571427, "percent_covered_display": "21", "missing_lines": 11, "excluded_lines": 0, "percent_statements_covered": 21.428571428571427, "percent_statements_covered_display": "21"}, "missing_lines": [224, 225, 226, 227, 228, 229, 230, 231, 232, 233, 234], "excluded_lines": [], "start_line": 221}, "AcademicCrawler._is_allowed_by_robots": {"executed_lines": [], "summary": {"covered_lines": 0, "num_statements": 15, "percent_covered": 0.0, "percent_covered_display": "0", "missing_lines": 15, "excluded_lines": 0, "percent_statements_covered": 0.0, "percent_statements_covered_display": "0"}, "missing_lines": [238, 239, 240, 241, 242, 243, 244, 245, 246, 247, 248, 249, 250, 251, 252], "excluded_lines": [], "start_line": 237}, "AcademicCrawler._under_domain_quota": {"executed_lines": [], "summary": {"covered_lines": 0, "num_statements": 5, "percent_covered": 0.0, "percent_covered_display": "0", "missing_lines": 5, "excluded_lines": 0, "percent_statements_covered": 0.0, "percent_statements_covered_display": "0"}, "missing_lines": [257, 258, 259, 260, 261], "excluded_lines": [], "start_line": 254}, "": {"executed_lines": [3, 5, 6, 7, 8, 9, 10, 12, 13, 15, 20, 23, 24, 25, 26, 29, 40, 50, 51, 52, 53, 54, 55, 56, 57, 60, 63, 85, 164, 205, 213, 221, 237, 254, 264], "summary": {"covered_lines": 35, "num_statements": 35, "percent_covered": 100.0, "percent_covered_display": "100", "missing_lines": 0, "excluded_lines": 2, "percent_statements_covered": 100.0, "percent_statements_covered_display": "100"}, "missing_lines": [], "excluded_lines": [17, 18], "start_line": 1}}, "classes": {"Page": {"executed_lines": [], "summary": {"covered_lines": 0, "num_statements": 0, "percent_covered": 100.0, "percent_covered_display": "100", "missing_lines": 0, "excluded_lines": 0, "percent_statements_covered": 100.0, "percent_statements_covered_display": "100"}, "missing_lines": [], "excluded_lines": [], "start_line": 51}, "AcademicCrawler": {"executed_lines": [73, 74, 75, 76, 77, 78, 79, 81, 82, 83, 165, 166, 169, 173, 174, 175, 176, 177, 181, 183, 185, 188, 189, 190, 191, 193, 196, 206, 207, 214, 218, 219, 222, 223, 235], "summary": {"covered_lines": 35, "num_statements": 131, "percent_covered": 26.717557251908396, "percent_covered_display": "27", "missing_lines": 96, "excluded_lines": 0, "percent_statements_covered": 26.717557251908396, "percent_statements_covered_display": "27"}, "missing_lines": [88, 89, 91, 93, 94, 97, 99, 100, 101, 102, 103, 104, 109, 110, 112, 113, 114, 115, 116, 118, 119, 120, 121, 122, 123, 124, 125, 126, 127, 128, 130, 131, 133, 134, 136, 137, 139, 140, 141, 143, 144, 145, 146, 152, 153, 155, 156, 158, 159, 160, 161, 162, 170, 171, 178, 179, 182, 184, 186, 194, 208, 209, 210, 211, 217, 224, 225, 226, 227, 228, 229, 230, 231, 232, 233, 234, 238, 239, 240, 241, 242, 243, 244, 245, 246, 247, 248, 249, 250, 251, 252, 257, 258, 259, 260, 261], "excluded_lines": [], "start_line": 60}, "": {"executed_lines": [3, 5, 6, 7, 8, 9, 10, 12, 13, 15, 20, 23, 24, 25, 26, 29, 30, 31, 32, 34, 35, 36, 37, 40, 41, 42, 44, 46, 47, 50, 51, 52, 53, 54, 55, 56, 57, 60, 63, 85, 164, 205, 213, 221, 237, 254, 264], "summary": {"covered_lines": 47, "num_statements": 50, "percent_covered": 94.0, "percent_covered_display": "94", "missing_lines": 3, "excluded_lines": 2, "percent_statements_covered": 94.0, "percent_statements_covered_display": "94"}, "missing_lines": [33, 43, 45], "excluded_lines": [17, 18], "start_line": 1}}}, "Indexer.py": {"executed_lines": [3, 5, 6, 7, 8, 9, 12, 142, 145, 146, 147, 150, 151, 152, 155, 156, 157, 158, 159, 162, 165, 166, 167, 168, 169, 171, 172, 173, 175, 176, 177, 178, 181, 182, 183, 185, 186, 188, 189, 193, 194, 197, 198, 200, 201, 202, 203, 204, 206, 207, 208, 209, 211, 212, 224, 225, 226, 227, 228, 229, 230, 231, 236, 237, 238, 239, 240, 243, 244, 245, 246, 247, 248, 249], "summary": {"covered_lines": 74, "num_statements": 77, "percent_covered": 96.1038961038961, "percent_covered_display": "96", "missing_lines": 3, "excluded_lines": 0, "percent_statements_covered": 96.1038961038961, "percent_statements_covered_display": "96"}, "missing_lines": [179, 195, 205], "excluded_lines": [], "functions": {"tokenize": {"executed_lines": [146, 147], "summary": {"covered_lines": 2, "num_statements": 2, "percent_covered": 100.0, "percent_covered_display": "100", "missing_lines": 0, "excluded_lines": 0, "percent_statements_covered": 100.0, "percent_statements_covered_display": "100"}, "missing_lines": [], "excluded_lines": [], "start_line": 145}, "build_snippet": {"executed_lines": [151, 152], "summary": {"covered_lines": 2, "num_statements": 2, "percent_covered": 100.0, "percent_covered_display": "100", "missing_lines": 0, "excluded_lines": 0, "percent_statements_covered": 100.0, "percent_statements_covered_display": "100"}, "missing_lines": [], "excluded_lines": [], "start_line": 150}, "InvertedIndex.__init__": {"executed_lines": [166, 167, 168, 169], "summary": {"covered_lines": 4, "num_statements": 4, "percent_covered": 100.0, "percent_covered_display": "100", "missing_lines": 0, "excluded_lines": 0, "percent_statements_covered": 100.0, "percent_statements_covered_display": "100"}, "missing_lines": [], "excluded_lines": [], "start_line": 165}, "InvertedIndex.build": {"executed_lines": [172, 173, 175, 176, 177, 178, 181, 182, 183, 185, 186, 188, 189, 193, 194, 197, 198, 200, 201, 202, 203, 204, 206, 207, 208, 209], "summary": {"covered_lines": 26, "num_statements": 29, "percent_covered": 89.65517241379311, "percent_covered_display": "90", "missing_lines": 3, "excluded_lines": 0, "percent_statements_covered": 89.65517241379311, "percent_statements_covered_display": "90"}, "missing_lines": [179, 195, 205], "excluded_lines": [], "start_line": 171}, "InvertedIndex.to_dict": {"executed_lines": [212], "summary": {"covered_lines": 1, "num_statements": 1, "percent_covered": 100.0, "percent_covered_display": "100", "missing_lines": 0, "excluded_lines": 0, "percent_statements_covered": 100.0, "percent_statements_covered_display": "100"}, "missing_lines": [], "excluded_lines": [], "start_line": 211}, "InvertedIndex.from_dict": {"executed_lines": [226, 227, 228, 229, 230, 231, 236, 237, 238, 239, 240, 243, 244, 245, 246, 247, 248, 249], "summary": {"covered_lines": 18, "num_statements": 18, "percent_covered": 100.0, "percent_covered_display": "100", "missing_lines": 0, "excluded_lines": 0, "percent_statements_covered": 100.0, "percent_statements_covered_display": "100"}, "missing_lines": [], "excluded_lines": [], "start_line": 225}, "": {"executed_lines": [3, 5, 6, 7, 8, 9, 12, 142, 145, 150, 155, 156, 157, 158, 159, 162, 165, 171, 211, 224, 225], "summary": {"covered_lines": 21, "num_statements": 21, "percent_covered": 100.0, "percent_covered_display": "100", "missing_lines": 0, "excluded_lines": 0, "percent_statements_covered": 100.0, "percent_statements_covered_display": "100"}, "missing_lines": [], "excluded_lines": [], "start_line": 1}}, "classes": {"DocumentMetadata": {"executed_lines": [], "summary": {"covered_lines": 0, "num_statements": 0, "percent_covered": 100.0, "percent_covered_display": "100", "missing_lines": 0, "excluded_lines": 0, "percent_statements_covered": 100.0, "percent_statements_covered_display": "100"}, "missing_lines": [], "excluded_lines": [], "start_line": 156}, "InvertedIndex": {"executed_lines": [166, 167, 168, 169, 172, 173, 175, 176, 177, 178, 181, 182, 183, 185, 186, 188, 189, 193, 194, 197, 198, 200, 201, 202, 203, 204, 206, 207, 208, 209, 212, 226, 227, 228, 229, 230, 231, 236, 237, 238, 239, 240, 243, 244, 245, 246, 247, 248, 249], "summary": {"covered_lines": 49, "num_statements": 52, "percent_covered": 94.23076923076923, "percent_covered_display": "94", "missing_lines": 3, "excluded_lines": 0, "percent_statements_covered": 94.23076923076923, "percent_statements_covered_display": "94"}, "missing_lines": [179, 195, 205], "excluded_lines": [], "start_line": 162}, "": {"executed_lines": [3, 5, 6, 7, 8, 9, 12, 142, 145, 146, 147, 150, 151, 152, 155, 156, 157, 158, 159, 162, 165, 171, 211, 224, 225], "summary": {"covered_lines": 25, "num_statements": 25, "percent_covered": 100.0, "percent_covered_display": "100", "missing_lines": 0, "excluded_lines": 0, "percent_statements_covered": 100.0, "percent_statements_covered_display": "100"}, "missing_lines": [], "excluded_lines": [], "start_line": 1}}}, "Pagerank.py": {"executed_lines": [3, 5, 8, 14, 15, 16, 18, 21, 22, 25, 27, 28, 29, 30, 32, 33, 35, 36, 37, 39, 40, 42, 44], "summary": {"covered_lines": 23, "num_statements": 25, "percent_covered": 92.0, "percent_covered_display": "92", "missing_lines": 2, "excluded_lines": 0, "percent_statements_covered": 92.0, "percent_statements_covered_display": "92"}, "missing_lines": [19, 34], "excluded_lines": [], "functions": {"compute_pagerank": {"executed_lines": [14, 15, 16, 18, 21, 22, 25, 27, 28, 29, 30, 32, 33, 35, 36, 37, 39, 40, 42, 44], "summary": {"covered_lines": 20, "num_statements": 22, "percent_covered": 90.9090909090909, "percent_covered_display": "91", "missing_lines": 2, "excluded_lines": 0, "percent_statements_covered": 90.9090909090909, "percent_statements_covered_display": "91"}, "missing_lines": [19, 34], "excluded_lines": [], "start_line": 8}, "": {"executed_lines": [3, 5, 8], "summary": {"covered_lines": 3, "num_statements": 3, "percent_covered": 100.0, "percent_covered_display": "100", "missing_lines": 0, "excluded_lines": 0, "percent_statements_covered": 100.0, "percent_statements_covered_display": "100"}, "missing_lines": [], "excluded_lines": [], "start_line": 1}}, "classes": {"": {"executed_lines": [3, 5, 8, 14, 15, 16, 18, 21, 22, 25, 27, 28, 29, 30, 32, 33, 35, 36, 37, 39, 40, 42, 44], "summary": {"covered_lines": 23, "num_statements": 25, "percent_covered": 92.0, "percent_covered_display": "92", "missing_lines": 2, "excluded_lines": 0, "percent_statements_covered": 92.0, "percent_statements_covered_display": "92"}, "missing_lines": [19, 34], "excluded_lines": [], "start_line": 1}}}, "Searching.py": {"executed_lines": [3, 5, 6, 7, 8, 9, 11, 12, 13, 14, 17, 18, 19, 20, 21, 22, 23, 24, 25, 26, 29, 32, 39, 40, 45, 46, 47, 48, 49, 50, 52, 66, 67, 68, 71, 72, 73, 75, 76, 77, 79, 80, 81, 83, 86, 87, 89, 90, 91, 93, 94, 96, 97, 98, 99, 101, 102, 103, 104, 106, 119, 120, 121, 122, 124, 147, 174, 205, 220], "summary": {"covered_lines": 69, "num_statements": 129, "percent_covered": 53.48837209302326, "percent_covered_display": "53", "missing_lines": 60, "excluded_lines": 0, "percent_statements_covered": 53.48837209302326, "percent_statements_covered_display": "53"}, "missing_lines": [54, 55, 56, 58, 59, 60, 62, 63, 64, 69, 78, 84, 92, 100, 128, 129, 130, 131, 132, 133, 134, 135, 136, 143, 144, 145, 148, 149, 150, 151, 152, 153, 154, 155, 156, 157, 158, 159, 160, 161, 162, 163, 164, 165, 166, 167, 171, 175, 178, 184, 190, 196, 202, 206, 207, 213, 214, 215, 217, 221], "excluded_lines": [], "functions": {"AcademicSearchEngine.__init__": {"executed_lines": [39, 40, 45, 46, 47, 48, 49, 50], "summary": {"covered_lines": 8, "num_statements": 8, "percent_covered": 100.0, "percent_covered_display": "100", "missing_lines": 0, "excluded_lines": 0, "percent_statements_covered": 100.0, "percent_statements_covered_display": "100"}, "missing_lines": [], "excluded_lines": [], "start_line": 32}, "AcademicSearchEngine.build": {"executed_lines": [], "summary": {"covered_lines": 0, "num_statements": 9, "percent_covered": 0.0, "percent_covered_display": "0", "missing_lines": 9, "excluded_lines": 0, "percent_statements_covered": 0.0, "percent_statements_covered_display": "0"}, "missing_lines": [54, 55, 56, 58, 59, 60, 62, 63, 64], "excluded_lines": [], "start_line": 52}, "AcademicSearchEngine.search": {"executed_lines": [67, 68, 71, 72, 73, 75, 76, 77, 79, 80, 81, 83, 86, 87, 89, 90, 91, 93, 94, 96, 97, 98, 99, 101, 102, 103, 104, 106, 119, 120, 121, 122], "summary": {"covered_lines": 32, "num_statements": 37, "percent_covered": 86.48648648648648, "percent_covered_display": "86", "missing_lines": 5, "excluded_lines": 0, "percent_statements_covered": 86.48648648648648, "percent_statements_covered_display": "86"}, "missing_lines": [69, 78, 84, 92, 100], "excluded_lines": [], "start_line": 66}, "AcademicSearchEngine.gather_context": {"executed_lines": [], "summary": {"covered_lines": 0, "num_statements": 12, "percent_covered": 0.0, "percent_covered_display": "0", "missing_lines": 12, "excluded_lines": 0, "percent_statements_covered": 0.0, "percent_statements_covered_display": "0"}, "missing_lines": [128, 129, 130, 131, 132, 133, 134, 135, 136, 143, 144, 145], "excluded_lines": [], "start_line": 124}, "AcademicSearchEngine.interactive_loop": {"executed_lines": [], "summary": {"covered_lines": 0, "num_statements": 21, "percent_covered": 0.0, "percent_covered_display": "0", "missing_lines": 21, "excluded_lines": 0, "percent_statements_covered": 0.0, "percent_statements_covered_display": "0"}, "missing_lines": [148, 149, 150, 151, 152, 153, 154, 155, 156, 157, 158, 159, 160, 161, 162, 163, 164, 165, 166, 167, 171], "excluded_lines": [], "start_line": 147}, "parse_args": {"executed_lines": [], "summary": {"covered_lines": 0, "num_statements": 6, "percent_covered": 0.0, "percent_covered_display": "0", "missing_lines": 6, "excluded_lines": 0, "percent_statements_covered": 0.0, "percent_statements_covered_display": "0"}, "missing_lines": [175, 178, 184, 190, 196, 202], "excluded_lines": [], "start_line": 174}, "main": {"executed_lines": [], "summary": {"covered_lines": 0, "num_statements": 6, "percent_covered": 0.0, "percent_covered_display": "0", "missing_lines": 6, "excluded_lines": 0, "percent_statements_covered": 0.0, "percent_statements_covered_display": "0"}, "missing_lines": [206, 207, 213, 214, 215, 217], "excluded_lines": [], "start_line": 205}, "": {"executed_lines": [3, 5, 6, 7, 8, 9, 11, 12, 13, 14, 17, 18, 19, 20, 21, 22, 23, 24, 25, 26, 29, 32, 52, 66, 124, 147, 174, 205, 220], "summary": {"covered_lines": 29, "num_statements": 30, "percent_covered": 96.66666666666667, "percent_covered_display": "97", "missing_lines": 1, "excluded_lines": 0, "percent_statements_covered": 96.66666666666667, "percent_statements_covered_display": "97"}, "missing_lines": [221], "excluded_lines": [], "start_line": 1}}, "classes": {"SearchHit": {"executed_lines": [], "summary": {"covered_lines": 0, "num_statements": 0, "percent_covered": 100.0, "percent_covered_display": "100", "missing_lines": 0, "excluded_lines": 0, "percent_statements_covered": 100.0, "percent_statements_covered_display": "100"}, "missing_lines": [], "excluded_lines": [], "start_line": 18}, "AcademicSearchEngine": {"executed_lines": [39, 40, 45, 46, 47, 48, 49, 50, 67, 68, 71, 72, 73, 75, 76, 77, 79, 80, 81, 83, 86, 87, 89, 90, 91, 93, 94, 96, 97, 98, 99, 101, 102, 103, 104, 106, 119, 120, 121, 122], "summary": {"covered_lines": 40, "num_statements": 87, "percent_covered": 45.97701149425287, "percent_covered_display": "46", "missing_lines": 47, "excluded_lines": 0, "percent_statements_covered": 45.97701149425287, "percent_statements_covered_display": "46"}, "missing_lines": [54, 55, 56, 58, 59, 60, 62, 63, 64, 69, 78, 84, 92, 100, 128, 129, 130, 131, 132, 133, 134, 135, 136, 143, 144, 145, 148, 149, 150, 151, 152, 153, 154, 155, 156, 157, 158, 159, 160, 161, 162, 163, 164, 165, 166, 167, 171], "excluded_lines": [], "start_line": 29}, "": {"executed_lines": [3, 5, 6, 7, 8, 9, 11, 12, 13, 14, 17, 18, 19, 20, 21, 22, 23, 24, 25, 26, 29, 32, 52, 66, 124, 147, 174, 205, 220], "summary": {"covered_lines": 29, "num_statements": 42, "percent_covered": 69.04761904761905, "percent_covered_display": "69", "missing_lines": 13, "excluded_lines": 0, "percent_statements_covered": 69.04761904761905, "percent_statements_covered_display": "69"}, "missing_lines": [175, 178, 184, 190, 196, 202, 206, 207, 213, 214, 215, 217, 221], "excluded_lines": [], "start_line": 1}}}, "ai_search.py": {"executed_lines": [], "summary": {"covered_lines": 0, "num_statements": 63, "percent_covered": 0.0, "percent_covered_display": "0", "missing_lines": 63, "excluded_lines": 0, "percent_statements_covered": 0.0, "percent_statements_covered_display": "0"}, "missing_lines": [3, 5, 6, 8, 9, 12, 13, 16, 19, 20, 21, 22, 24, 25, 27, 28, 29, 30, 31, 32, 33, 34, 35, 36, 37, 38, 39, 40, 41, 44, 45, 48, 49, 55, 61, 67, 73, 79, 84, 90, 95, 98, 99, 100, 106, 107, 108, 110, 117, 118, 119, 121, 122, 123, 124, 125, 126, 127, 128, 129, 130, 133, 134], "excluded_lines": [], "functions": {"format_summary": {"executed_lines": [], "summary": {"covered_lines": 0, "num_statements": 1, "percent_covered": 0.0, "percent_covered_display": "0", "missing_lines": 1, "excluded_lines": 0, "percent_statements_covered": 0.0, "percent_statements_covered_display": "0"}, "missing_lines": [13], "excluded_lines": [], "start_line": 12}, "run_query": {"executed_lines": [], "summary": {"covered_lines": 0, "num_statements": 21, "percent_covered": 0.0, "percent_covered_display": "0", "missing_lines": 21, "excluded_lines": 0, "percent_statements_covered": 0.0, "percent_statements_covered_display": "0"}, "missing_lines": [19, 20, 21, 22, 24, 25, 27, 28, 29, 30, 31, 32, 33, 34, 35, 36, 37, 38, 39, 40, 41], "excluded_lines": [], "start_line": 16}, "parse_args": {"executed_lines": [], "summary": {"covered_lines": 0, "num_statements": 11, "percent_covered": 0.0, "percent_covered_display": "0", "missing_lines": 11, "excluded_lines": 0, "percent_statements_covered": 0.0, "percent_statements_covered_display": "0"}, "missing_lines": [45, 48, 49, 55, 61, 67, 73, 79, 84, 90, 95], "excluded_lines": [], "start_line": 44}, "main": {"executed_lines": [], "summary": {"covered_lines": 0, "num_statements": 19, "percent_covered": 0.0, "percent_covered_display": "0", "missing_lines": 19, "excluded_lines": 0, "percent_statements_covered": 0.0, "percent_statements_covered_display": "0"}, "missing_lines": [99, 100, 106, 107, 108, 110, 117, 118, 119, 121, 122, 123, 124, 125, 126, 127, 128, 129, 130], "excluded_lines": [], "start_line": 98}, "": {"executed_lines": [], "summary": {"covered_lines": 0, "num_statements": 11, "percent_covered": 0.0, "percent_covered_display": "0", "missing_lines": 11, "excluded_lines": 0, "percent_statements_covered": 0.0, "percent_statements_covered_display": "0"}, "missing_lines": [3, 5, 6, 8, 9, 12, 16, 44, 98, 133, 134], "excluded_lines": [], "start_line": 1}}, "classes": {"": {"executed_lines": [], "summary": {"covered_lines": 0, "num_statements": 63, "percent_covered": 0.0, "percent_covered_display": "0", "missing_lines": 63, "excluded_lines": 0, "percent_statements_covered": 0.0, "percent_statements_covered_display": "0"}, "missing_lines": [3, 5, 6, 8, 9, 12, 13, 16, 19, 20, 21, 22, 24, 25, 27, 28, 29, 30, 31, 32, 33, 34, 35, 36, 37, 38, 39, 40, 41, 44, 45, 48, 49, 55, 61, 67, 73, 79, 84, 90, 95, 98, 99, 100, 106, 107, 108, 110, 117, 118, 119, 121, 122, 123, 124, 125, 126, 127, 128, 129, 130, 133, 134], "excluded_lines": [], "start_line": 1}}}, "ingest_docs.py": {"executed_lines": [], "summary": {"covered_lines": 0, "num_statements": 54, "percent_covered": 0.0, "percent_covered_display": "0", "missing_lines": 54, "excluded_lines": 0, "percent_statements_covered": 0.0, "percent_statements_covered_display": "0"}, "missing_lines": [1, 2, 3, 4, 5, 7, 8, 9, 10, 11, 13, 15, 17, 18, 19, 20, 21, 22, 23, 24, 25, 27, 30, 31, 32, 33, 34, 35, 36, 38, 39, 41, 42, 43, 44, 45, 46, 47, 50, 52, 61, 62, 63, 64, 65, 66, 68, 70, 72, 73, 74, 75, 77, 78], "excluded_lines": [], "functions": {"main": {"executed_lines": [], "summary": {"covered_lines": 0, "num_statements": 46, "percent_covered": 0.0, "percent_covered_display": "0", "missing_lines": 46, "excluded_lines": 0, "percent_statements_covered": 0.0, "percent_statements_covered_display": "0"}, "missing_lines": [8, 9, 10, 11, 13, 15, 17, 18, 19, 20, 21, 22, 23, 24, 25, 27, 30, 31, 32, 33, 34, 35, 36, 38, 39, 41, 42, 43, 44, 45, 46, 47, 50, 52, 61, 62, 63, 64, 65, 66, 68, 70, 72, 73, 74, 75], "excluded_lines": [], "start_line": 7}, "": {"executed_lines": [], "summary": {"covered_lines": 0, "num_statements": 8, "percent_covered": 0.0, "percent_covered_display": "0", "missing_lines": 8, "excluded_lines": 0, "percent_statements_covered": 0.0, "percent_statements_covered_display": "0"}, "missing_lines": [1, 2, 3, 4, 5, 7, 77, 78], "excluded_lines": [], "start_line": 1}}, "classes": {"": {"executed_lines": [], "summary": {"covered_lines": 0, "num_statements": 54, "percent_covered": 0.0, "percent_covered_display": "0", "missing_lines": 54, "excluded_lines": 0, "percent_statements_covered": 0.0, "percent_statements_covered_display": "0"}, "missing_lines": [1, 2, 3, 4, 5, 7, 8, 9, 10, 11, 13, 15, 17, 18, 19, 20, 21, 22, 23, 24, 25, 27, 30, 31, 32, 33, 34, 35, 36, 38, 39, 41, 42, 43, 44, 45, 46, 47, 50, 52, 61, 62, 63, 64, 65, 66, 68, 70, 72, 73, 74, 75, 77, 78], "excluded_lines": [], "start_line": 1}}}, "llm_agent.py": {"executed_lines": [], "summary": {"covered_lines": 0, "num_statements": 99, "percent_covered": 0.0, "percent_covered_display": "0", "missing_lines": 99, "excluded_lines": 0, "percent_statements_covered": 0.0, "percent_statements_covered_display": "0"}, "missing_lines": [3, 5, 6, 7, 9, 11, 12, 13, 14, 16, 17, 18, 19, 22, 23, 26, 27, 28, 29, 32, 35, 38, 39, 40, 41, 42, 43, 45, 46, 48, 49, 52, 55, 62, 63, 64, 65, 67, 68, 69, 70, 71, 72, 74, 75, 76, 77, 78, 84, 85, 86, 88, 90, 93, 94, 96, 98, 99, 100, 102, 103, 104, 106, 108, 111, 112, 113, 114, 133, 134, 141, 142, 144, 147, 148, 150, 161, 162, 163, 168, 169, 170, 171, 173, 174, 175, 176, 183, 184, 186, 189, 194, 195, 196, 197, 198, 199, 200, 205], "excluded_lines": [], "functions": {"ExtractiveFallback.summarise": {"executed_lines": [], "summary": {"covered_lines": 0, "num_statements": 10, "percent_covered": 0.0, "percent_covered_display": "0", "missing_lines": 10, "excluded_lines": 0, "percent_statements_covered": 0.0, "percent_statements_covered_display": "0"}, "missing_lines": [38, 39, 40, 41, 42, 43, 45, 46, 48, 49], "excluded_lines": [], "start_line": 35}, "LLMAgent.__init__": {"executed_lines": [], "summary": {"covered_lines": 0, "num_statements": 19, "percent_covered": 0.0, "percent_covered_display": "0", "missing_lines": 19, "excluded_lines": 0, "percent_statements_covered": 0.0, "percent_statements_covered_display": "0"}, "missing_lines": [62, 63, 64, 65, 67, 68, 69, 70, 71, 72, 74, 75, 76, 77, 78, 84, 85, 86, 88], "excluded_lines": [], "start_line": 55}, "LLMAgent.summarise": {"executed_lines": [], "summary": {"covered_lines": 0, "num_statements": 10, "percent_covered": 0.0, "percent_covered_display": "0", "missing_lines": 10, "excluded_lines": 0, "percent_statements_covered": 0.0, "percent_statements_covered_display": "0"}, "missing_lines": [93, 94, 96, 98, 99, 100, 102, 103, 104, 106], "excluded_lines": [], "start_line": 90}, "LLMAgent._summarise_with_openai": {"executed_lines": [], "summary": {"covered_lines": 0, "num_statements": 8, "percent_covered": 0.0, "percent_covered_display": "0", "missing_lines": 8, "excluded_lines": 0, "percent_statements_covered": 0.0, "percent_statements_covered_display": "0"}, "missing_lines": [111, 112, 113, 114, 133, 134, 141, 142], "excluded_lines": [], "start_line": 108}, "LLMAgent._summarise_with_ollama": {"executed_lines": [], "summary": {"covered_lines": 0, "num_statements": 16, "percent_covered": 0.0, "percent_covered_display": "0", "missing_lines": 16, "excluded_lines": 0, "percent_statements_covered": 0.0, "percent_statements_covered_display": "0"}, "missing_lines": [147, 148, 150, 161, 162, 163, 168, 169, 170, 171, 173, 174, 175, 176, 183, 184], "excluded_lines": [], "start_line": 144}, "LLMAgent._build_prompt": {"executed_lines": [], "summary": {"covered_lines": 0, "num_statements": 9, "percent_covered": 0.0, "percent_covered_display": "0", "missing_lines": 9, "excluded_lines": 0, "percent_statements_covered": 0.0, "percent_statements_covered_display": "0"}, "missing_lines": [189, 194, 195, 196, 197, 198, 199, 200, 205], "excluded_lines": [], "start_line": 186}, "": {"executed_lines": [], "summary": {"covered_lines": 0, "num_statements": 27, "percent_covered": 0.0, "percent_covered_display": "0", "missing_lines": 27, "excluded_lines": 0, "percent_statements_covered": 0.0, "percent_statements_covered_display": "0"}, "missing_lines": [3, 5, 6, 7, 9, 11, 12, 13, 14, 16, 17, 18, 19, 22, 23, 26, 27, 28, 29, 32, 35, 52, 55, 90, 108, 144, 186], "excluded_lines": [], "start_line": 1}}, "classes": {"CitationSummary": {"executed_lines": [], "summary": {"covered_lines": 0, "num_statements": 0, "percent_covered": 100.0, "percent_covered_display": "100", "missing_lines": 0, "excluded_lines": 0, "percent_statements_covered": 100.0, "percent_statements_covered_display": "100"}, "missing_lines": [], "excluded_lines": [], "start_line": 27}, "ExtractiveFallback": {"executed_lines": [], "summary": {"covered_lines": 0, "num_statements": 10, "percent_covered": 0.0, "percent_covered_display": "0", "missing_lines": 10, "excluded_lines": 0, "percent_statements_covered": 0.0, "percent_statements_covered_display": "0"}, "missing_lines": [38, 39, 40, 41, 42, 43, 45, 46, 48, 49], "excluded_lines": [], "start_line": 32}, "LLMAgent": {"executed_lines": [], "summary": {"covered_lines": 0, "num_statements": 62, "percent_covered": 0.0, "percent_covered_display": "0", "missing_lines": 62, "excluded_lines": 0, "percent_statements_covered": 0.0, "percent_statements_covered_display": "0"}, "missing_lines": [62, 63, 64, 65, 67, 68, 69, 70, 71, 72, 74, 75, 76, 77, 78, 84, 85, 86, 88, 93, 94, 96, 98, 99, 100, 102, 103, 104, 106, 111, 112, 113, 114, 133, 134, 141, 142, 147, 148, 150, 161, 162, 163, 168, 169, 170, 171, 173, 174, 175, 176, 183, 184, 189, 194, 195, 196, 197, 198, 199, 200, 205], "excluded_lines": [], "start_line": 52}, "": {"executed_lines": [], "summary": {"covered_lines": 0, "num_statements": 27, "percent_covered": 0.0, "percent_covered_display": "0", "missing_lines": 27, "excluded_lines": 0, "percent_statements_covered": 0.0, "percent_statements_covered_display": "0"}, "missing_lines": [3, 5, 6, 7, 9, 11, 12, 13, 14, 16, 17, 18, 19, 22, 23, 26, 27, 28, 29, 32, 35, 52, 55, 90, 108, 144, 186], "excluded_lines": [], "start_line": 1}}}, "search_agent.py": {"executed_lines": [1, 2, 3, 4, 6, 7, 8, 12, 13, 14, 15, 16, 17, 18, 27, 30, 59, 78, 79, 80, 82, 83, 84, 85, 86, 89, 91, 92, 93, 96, 101, 102, 104, 106, 107, 109, 117, 118, 120, 121, 122, 123, 124, 126, 127, 129, 130, 132, 135, 136, 137, 142, 144, 145, 148, 149, 153, 154, 155, 157, 159, 160, 161, 162, 206, 207, 209], "summary": {"covered_lines": 67, "num_statements": 106, "percent_covered": 63.20754716981132, "percent_covered_display": "63", "missing_lines": 39, "excluded_lines": 0, "percent_statements_covered": 63.20754716981132, "percent_statements_covered_display": "63"}, "missing_lines": [9, 10, 87, 94, 131, 133, 138, 139, 140, 146, 151, 164, 165, 167, 168, 169, 171, 172, 173, 175, 176, 177, 179, 180, 182, 183, 185, 186, 188, 189, 191, 192, 194, 195, 197, 198, 200, 201, 204], "excluded_lines": [], "functions": {"SearchAgent.__init__": {"executed_lines": [84, 85, 86, 89], "summary": {"covered_lines": 4, "num_statements": 5, "percent_covered": 80.0, "percent_covered_display": "80", "missing_lines": 1, "excluded_lines": 0, "percent_statements_covered": 80.0, "percent_statements_covered_display": "80"}, "missing_lines": [87], "excluded_lines": [], "start_line": 83}, "SearchAgent.run": {"executed_lines": [92, 93, 96, 101, 102, 104, 106, 107, 109, 117, 118, 120, 121, 122, 123, 124, 126, 127, 129, 130, 132, 135, 136, 137, 142, 144, 145, 148, 149], "summary": {"covered_lines": 29, "num_statements": 37, "percent_covered": 78.37837837837837, "percent_covered_display": "78", "missing_lines": 8, "excluded_lines": 0, "percent_statements_covered": 78.37837837837837, "percent_statements_covered_display": "78"}, "missing_lines": [94, 131, 133, 138, 139, 140, 146, 151], "excluded_lines": [], "start_line": 91}, "SearchAgent._handle_tool_call": {"executed_lines": [154, 155, 157, 159, 160, 161, 162, 206, 207, 209], "summary": {"covered_lines": 10, "num_statements": 38, "percent_covered": 26.31578947368421, "percent_covered_display": "26", "missing_lines": 28, "excluded_lines": 0, "percent_statements_covered": 26.31578947368421, "percent_statements_covered_display": "26"}, "missing_lines": [164, 165, 167, 168, 169, 171, 172, 173, 175, 176, 177, 179, 180, 182, 183, 185, 186, 188, 189, 191, 192, 194, 195, 197, 198, 200, 201, 204], "excluded_lines": [], "start_line": 153}, "": {"executed_lines": [1, 2, 3, 4, 6, 7, 8, 12, 13, 14, 15, 16, 17, 18, 27, 30, 59, 78, 79, 80, 82, 83, 91, 153], "summary": {"covered_lines": 24, "num_statements": 26, "percent_covered": 92.3076923076923, "percent_covered_display": "92", "missing_lines": 2, "excluded_lines": 0, "percent_statements_covered": 92.3076923076923, "percent_statements_covered_display": "92"}, "missing_lines": [9, 10], "excluded_lines": [], "start_line": 1}}, "classes": {"SearchAgent": {"executed_lines": [84, 85, 86, 89, 92, 93, 96, 101, 102, 104, 106, 107, 109, 117, 118, 120, 121, 122, 123, 124, 126, 127, 129, 130, 132, 135, 136, 137, 142, 144, 145, 148, 149, 154, 155, 157, 159, 160, 161, 162, 206, 207, 209], "summary": {"covered_lines": 43, "num_statements": 80, "percent_covered": 53.75, "percent_covered_display": "54", "missing_lines": 37, "excluded_lines": 0, "percent_statements_covered": 53.75, "percent_statements_covered_display": "54"}, "missing_lines": [87, 94, 131, 133, 138, 139, 140, 146, 151, 164, 165, 167, 168, 169, 171, 172, 173, 175, 176, 177, 179, 180, 182, 183, 185, 186, 188, 189, 191, 192, 194, 195, 197, 198, 200, 201, 204], "excluded_lines": [], "start_line": 82}, "": {"executed_lines": [1, 2, 3, 4, 6, 7, 8, 12, 13, 14, 15, 16, 17, 18, 27, 30, 59, 78, 79, 80, 82, 83, 91, 153], "summary": {"covered_lines": 24, "num_statements": 26, "percent_covered": 92.3076923076923, "percent_covered_display": "92", "missing_lines": 2, "excluded_lines": 0, "percent_statements_covered": 92.3076923076923, "percent_statements_covered_display": "92"}, "missing_lines": [9, 10], "excluded_lines": [], "start_line": 1}}}, "search_agent_cli.py": {"executed_lines": [], "summary": {"covered_lines": 0, "num_statements": 52, "percent_covered": 0.0, "percent_covered_display": "0", "missing_lines": 52, "excluded_lines": 0, "percent_statements_covered": 0.0, "percent_statements_covered_display": "0"}, "missing_lines": [1, 2, 3, 4, 5, 7, 8, 9, 10, 12, 14, 15, 16, 17, 18, 20, 22, 24, 25, 26, 29, 30, 31, 32, 33, 34, 35, 36, 37, 39, 40, 41, 42, 43, 44, 45, 47, 48, 49, 51, 52, 53, 56, 57, 58, 59, 60, 61, 62, 63, 65, 66], "excluded_lines": [], "functions": {"main": {"executed_lines": [], "summary": {"covered_lines": 0, "num_statements": 30, "percent_covered": 0.0, "percent_covered_display": "0", "missing_lines": 30, "excluded_lines": 0, "percent_statements_covered": 0.0, "percent_statements_covered_display": "0"}, "missing_lines": [8, 9, 10, 12, 14, 15, 16, 17, 18, 20, 22, 24, 25, 26, 29, 30, 31, 32, 33, 34, 35, 36, 37, 39, 40, 41, 42, 43, 44, 45], "excluded_lines": [], "start_line": 7}, "print_result": {"executed_lines": [], "summary": {"covered_lines": 0, "num_statements": 13, "percent_covered": 0.0, "percent_covered_display": "0", "missing_lines": 13, "excluded_lines": 0, "percent_statements_covered": 0.0, "percent_statements_covered_display": "0"}, "missing_lines": [48, 49, 51, 52, 53, 56, 57, 58, 59, 60, 61, 62, 63], "excluded_lines": [], "start_line": 47}, "": {"executed_lines": [], "summary": {"covered_lines": 0, "num_statements": 9, "percent_covered": 0.0, "percent_covered_display": "0", "missing_lines": 9, "excluded_lines": 0, "percent_statements_covered": 0.0, "percent_statements_covered_display": "0"}, "missing_lines": [1, 2, 3, 4, 5, 7, 47, 65, 66], "excluded_lines": [], "start_line": 1}}, "classes": {"": {"executed_lines": [], "summary": {"covered_lines": 0, "num_statements": 52, "percent_covered": 0.0, "percent_covered_display": "0", "missing_lines": 52, "excluded_lines": 0, "percent_statements_covered": 0.0, "percent_statements_covered_display": "0"}, "missing_lines": [1, 2, 3, 4, 5, 7, 8, 9, 10, 12, 14, 15, 16, 17, 18, 20, 22, 24, 25, 26, 29, 30, 31, 32, 33, 34, 35, 36, 37, 39, 40, 41, 42, 43, 44, 45, 47, 48, 49, 51, 52, 53, 56, 57, 58, 59, 60, 61, 62, 63, 65, 66], "excluded_lines": [], "start_line": 1}}}, "server.py": {"executed_lines": [], "summary": {"covered_lines": 0, "num_statements": 52, "percent_covered": 0.0, "percent_covered_display": "0", "missing_lines": 52, "excluded_lines": 0, "percent_statements_covered": 0.0, "percent_statements_covered_display": "0"}, "missing_lines": [1, 2, 3, 4, 5, 6, 7, 9, 10, 11, 12, 14, 17, 18, 22, 26, 27, 28, 30, 31, 32, 33, 37, 38, 39, 41, 42, 46, 47, 48, 49, 50, 51, 52, 54, 55, 59, 62, 63, 65, 68, 70, 72, 76, 77, 78, 79, 80, 89, 91, 93, 94], "excluded_lines": [], "functions": {"root": {"executed_lines": [], "summary": {"covered_lines": 0, "num_statements": 1, "percent_covered": 0.0, "percent_covered_display": "0", "missing_lines": 1, "excluded_lines": 0, "percent_statements_covered": 0.0, "percent_statements_covered_display": "0"}, "missing_lines": [39], "excluded_lines": [], "start_line": 38}, "run_query": {"executed_lines": [], "summary": {"covered_lines": 0, "num_statements": 7, "percent_covered": 0.0, "percent_covered_display": "0", "missing_lines": 7, "excluded_lines": 0, "percent_statements_covered": 0.0, "percent_statements_covered_display": "0"}, "missing_lines": [46, 47, 48, 49, 50, 51, 52], "excluded_lines": [], "start_line": 42}, "ingest_document": {"executed_lines": [], "summary": {"covered_lines": 0, "num_statements": 6, "percent_covered": 0.0, "percent_covered_display": "0", "missing_lines": 6, "excluded_lines": 0, "percent_statements_covered": 0.0, "percent_statements_covered_display": "0"}, "missing_lines": [59, 62, 63, 65, 68, 70], "excluded_lines": [], "start_line": 55}, "process_ingestion": {"executed_lines": [], "summary": {"covered_lines": 0, "num_statements": 7, "percent_covered": 0.0, "percent_covered_display": "0", "missing_lines": 7, "excluded_lines": 0, "percent_statements_covered": 0.0, "percent_statements_covered_display": "0"}, "missing_lines": [76, 77, 78, 79, 80, 89, 91], "excluded_lines": [], "start_line": 72}, "": {"executed_lines": [], "summary": {"covered_lines": 0, "num_statements": 31, "percent_covered": 0.0, "percent_covered_display": "0", "missing_lines": 31, "excluded_lines": 0, "percent_statements_covered": 0.0, "percent_statements_covered_display": "0"}, "missing_lines": [1, 2, 3, 4, 5, 6, 7, 9, 10, 11, 12, 14, 17, 18, 22, 26, 27, 28, 30, 31, 32, 33, 37, 38, 41, 42, 54, 55, 72, 93, 94], "excluded_lines": [], "start_line": 1}}, "classes": {"QueryRequest": {"executed_lines": [], "summary": {"covered_lines": 0, "num_statements": 0, "percent_covered": 100.0, "percent_covered_display": "100", "missing_lines": 0, "excluded_lines": 0, "percent_statements_covered": 100.0, "percent_statements_covered_display": "100"}, "missing_lines": [], "excluded_lines": [], "start_line": 26}, "JobStatus": {"executed_lines": [], "summary": {"covered_lines": 0, "num_statements": 0, "percent_covered": 100.0, "percent_covered_display": "100", "missing_lines": 0, "excluded_lines": 0, "percent_statements_covered": 100.0, "percent_statements_covered_display": "100"}, "missing_lines": [], "excluded_lines": [], "start_line": 30}, "": {"executed_lines": [], "summary": {"covered_lines": 0, "num_statements": 52, "percent_covered": 0.0, "percent_covered_display": "0", "missing_lines": 52, "excluded_lines": 0, "percent_statements_covered": 0.0, "percent_statements_covered_display": "0"}, "missing_lines": [1, 2, 3, 4, 5, 6, 7, 9, 10, 11, 12, 14, 17, 18, 22, 26, 27, 28, 30, 31, 32, 33, 37, 38, 39, 41, 42, 46, 47, 48, 49, 50, 51, 52, 54, 55, 59, 62, 63, 65, 68, 70, 72, 76, 77, 78, 79, 80, 89, 91, 93, 94], "excluded_lines": [], "start_line": 1}}}, "storage.py": {"executed_lines": [3, 5, 6, 7, 8, 10, 11, 14, 15, 16, 17, 18, 19, 21, 22, 26, 29, 37, 63, 87, 93, 101, 111], "summary": {"covered_lines": 23, "num_statements": 49, "percent_covered": 46.93877551020408, "percent_covered_display": "47", "missing_lines": 26, "excluded_lines": 0, "percent_statements_covered": 46.93877551020408, "percent_statements_covered_display": "47"}, "missing_lines": [23, 30, 31, 32, 33, 34, 38, 39, 40, 41, 52, 55, 56, 61, 64, 81, 88, 89, 90, 91, 94, 95, 102, 103, 104, 112], "excluded_lines": [], "functions": {"CrawlState.empty": {"executed_lines": [], "summary": {"covered_lines": 0, "num_statements": 1, "percent_covered": 0.0, "percent_covered_display": "0", "missing_lines": 1, "excluded_lines": 0, "percent_statements_covered": 0.0, "percent_statements_covered_display": "0"}, "missing_lines": [23], "excluded_lines": [], "start_line": 22}, "StorageManager.__init__": {"executed_lines": [], "summary": {"covered_lines": 0, "num_statements": 5, "percent_covered": 0.0, "percent_covered_display": "0", "missing_lines": 5, "excluded_lines": 0, "percent_statements_covered": 0.0, "percent_statements_covered_display": "0"}, "missing_lines": [30, 31, 32, 33, 34], "excluded_lines": [], "start_line": 29}, "StorageManager.load_crawl_state": {"executed_lines": [], "summary": {"covered_lines": 0, "num_statements": 8, "percent_covered": 0.0, "percent_covered_display": "0", "missing_lines": 8, "excluded_lines": 0, "percent_statements_covered": 0.0, "percent_statements_covered_display": "0"}, "missing_lines": [38, 39, 40, 41, 52, 55, 56, 61], "excluded_lines": [], "start_line": 37}, "StorageManager.save_crawl_state": {"executed_lines": [], "summary": {"covered_lines": 0, "num_statements": 2, "percent_covered": 0.0, "percent_covered_display": "0", "missing_lines": 2, "excluded_lines": 0, "percent_statements_covered": 0.0, "percent_statements_covered_display": "0"}, "missing_lines": [64, 81], "excluded_lines": [], "start_line": 63}, "StorageManager.load_index": {"executed_lines": [], "summary": {"covered_lines": 0, "num_statements": 4, "percent_covered": 0.0, "percent_covered_display": "0", "missing_lines": 4, "excluded_lines": 0, "percent_statements_covered": 0.0, "percent_statements_covered_display": "0"}, "missing_lines": [88, 89, 90, 91], "excluded_lines": [], "start_line": 87}, "StorageManager.save_index": {"executed_lines": [], "summary": {"covered_lines": 0, "num_statements": 2, "percent_covered": 0.0, "percent_covered_display": "0", "missing_lines": 2, "excluded_lines": 0, "percent_statements_covered": 0.0, "percent_statements_covered_display": "0"}, "missing_lines": [94, 95], "excluded_lines": [], "start_line": 93}, "StorageManager.load_pagerank": {"executed_lines": [], "summary": {"covered_lines": 0, "num_statements": 3, "percent_covered": 0.0, "percent_covered_display": "0", "missing_lines": 3, "excluded_lines": 0, "percent_statements_covered": 0.0, "percent_statements_covered_display": "0"}, "missing_lines": [102, 103, 104], "excluded_lines": [], "start_line": 101}, "StorageManager.save_pagerank": {"executed_lines": [], "summary": {"covered_lines": 0, "num_statements": 1, "percent_covered": 0.0, "percent_covered_display": "0", "missing_lines": 1, "excluded_lines": 0, "percent_statements_covered": 0.0, "percent_statements_covered_display": "0"}, "missing_lines": [112], "excluded_lines": [], "start_line": 111}, "": {"executed_lines": [3, 5, 6, 7, 8, 10, 11, 14, 15, 16, 17, 18, 19, 21, 22, 26, 29, 37, 63, 87, 93, 101, 111], "summary": {"covered_lines": 23, "num_statements": 23, "percent_covered": 100.0, "percent_covered_display": "100", "missing_lines": 0, "excluded_lines": 0, "percent_statements_covered": 100.0, "percent_statements_covered_display": "100"}, "missing_lines": [], "excluded_lines": [], "start_line": 1}}, "classes": {"CrawlState": {"executed_lines": [], "summary": {"covered_lines": 0, "num_statements": 1, "percent_covered": 0.0, "percent_covered_display": "0", "missing_lines": 1, "excluded_lines": 0, "percent_statements_covered": 0.0, "percent_statements_covered_display": "0"}, "missing_lines": [23], "excluded_lines": [], "start_line": 15}, "StorageManager": {"executed_lines": [], "summary": {"covered_lines": 0, "num_statements": 25, "percent_covered": 0.0, "percent_covered_display": "0", "missing_lines": 25, "excluded_lines": 0, "percent_statements_covered": 0.0, "percent_statements_covered_display": "0"}, "missing_lines": [30, 31, 32, 33, 34, 38, 39, 40, 41, 52, 55, 56, 61, 64, 81, 88, 89, 90, 91, 94, 95, 102, 103, 104, 112], "excluded_lines": [], "start_line": 26}, "": {"executed_lines": [3, 5, 6, 7, 8, 10, 11, 14, 15, 16, 17, 18, 19, 21, 22, 26, 29, 37, 63, 87, 93, 101, 111], "summary": {"covered_lines": 23, "num_statements": 23, "percent_covered": 100.0, "percent_covered_display": "100", "missing_lines": 0, "excluded_lines": 0, "percent_statements_covered": 100.0, "percent_statements_covered_display": "100"}, "missing_lines": [], "excluded_lines": [], "start_line": 1}}}, "tests\\integration\\test_agent_tools.py": {"executed_lines": [1, 2, 3, 4, 6, 8, 9, 10, 17, 18, 19, 20, 21, 22, 25, 26, 27, 29, 34, 42, 43, 45, 48, 50, 51], "summary": {"covered_lines": 25, "num_statements": 25, "percent_covered": 100.0, "percent_covered_display": "100", "missing_lines": 0, "excluded_lines": 0, "percent_statements_covered": 100.0, "percent_statements_covered_display": "100"}, "missing_lines": [], "excluded_lines": [], "functions": {"TestAgentIntegration.test_end_to_end_agent_flow": {"executed_lines": [17, 18, 19, 20, 21, 22, 25, 26, 27, 29, 34, 42, 43, 45, 48, 50, 51], "summary": {"covered_lines": 17, "num_statements": 17, "percent_covered": 100.0, "percent_covered_display": "100", "missing_lines": 0, "excluded_lines": 0, "percent_statements_covered": 100.0, "percent_statements_covered_display": "100"}, "missing_lines": [], "excluded_lines": [], "start_line": 10}, "": {"executed_lines": [1, 2, 3, 4, 6, 8, 9, 10], "summary": {"covered_lines": 8, "num_statements": 8, "percent_covered": 100.0, "percent_covered_display": "100", "missing_lines": 0, "excluded_lines": 0, "percent_statements_covered": 100.0, "percent_statements_covered_display": "100"}, "missing_lines": [], "excluded_lines": [], "start_line": 1}}, "classes": {"TestAgentIntegration": {"executed_lines": [17, 18, 19, 20, 21, 22, 25, 26, 27, 29, 34, 42, 43, 45, 48, 50, 51], "summary": {"covered_lines": 17, "num_statements": 17, "percent_covered": 100.0, "percent_covered_display": "100", "missing_lines": 0, "excluded_lines": 0, "percent_statements_covered": 100.0, "percent_statements_covered_display": "100"}, "missing_lines": [], "excluded_lines": [], "start_line": 6}, "": {"executed_lines": [1, 2, 3, 4, 6, 8, 9, 10], "summary": {"covered_lines": 8, "num_statements": 8, "percent_covered": 100.0, "percent_covered_display": "100", "missing_lines": 0, "excluded_lines": 0, "percent_statements_covered": 100.0, "percent_statements_covered_display": "100"}, "missing_lines": [], "excluded_lines": [], "start_line": 1}}}, "tests\\integration\\test_ingest_search_flow.py": {"executed_lines": [1, 2, 3, 4, 5, 7, 9, 11, 12, 16, 17, 18, 19, 31, 33, 36, 41, 42, 43, 44, 46, 47, 48, 49, 51, 53, 56, 57, 65, 68, 69], "summary": {"covered_lines": 31, "num_statements": 32, "percent_covered": 96.875, "percent_covered_display": "97", "missing_lines": 1, "excluded_lines": 0, "percent_statements_covered": 96.875, "percent_statements_covered_display": "97"}, "missing_lines": [45], "excluded_lines": [], "functions": {"TestIngestionRagFlow.test_ingest_and_retrieve": {"executed_lines": [11, 12, 16, 17, 18, 19, 31, 33, 36, 41, 42, 44, 46, 48, 51, 53, 56, 57, 65, 68, 69], "summary": {"covered_lines": 21, "num_statements": 21, "percent_covered": 100.0, "percent_covered_display": "100", "missing_lines": 0, "excluded_lines": 0, "percent_statements_covered": 100.0, "percent_statements_covered_display": "100"}, "missing_lines": [], "excluded_lines": [], "start_line": 9}, "TestIngestionRagFlow.test_ingest_and_retrieve.MockEmbeddingFunction.__call__": {"executed_lines": [43], "summary": {"covered_lines": 1, "num_statements": 1, "percent_covered": 100.0, "percent_covered_display": "100", "missing_lines": 0, "excluded_lines": 0, "percent_statements_covered": 100.0, "percent_statements_covered_display": "100"}, "missing_lines": [], "excluded_lines": [], "start_line": 42}, "TestIngestionRagFlow.test_ingest_and_retrieve.MockEmbeddingFunction.embed_documents": {"executed_lines": [], "summary": {"covered_lines": 0, "num_statements": 1, "percent_covered": 0.0, "percent_covered_display": "0", "missing_lines": 1, "excluded_lines": 0, "percent_statements_covered": 0.0, "percent_statements_covered_display": "0"}, "missing_lines": [45], "excluded_lines": [], "start_line": 44}, "TestIngestionRagFlow.test_ingest_and_retrieve.MockEmbeddingFunction.embed_query": {"executed_lines": [47], "summary": {"covered_lines": 1, "num_statements": 1, "percent_covered": 100.0, "percent_covered_display": "100", "missing_lines": 0, "excluded_lines": 0, "percent_statements_covered": 100.0, "percent_statements_covered_display": "100"}, "missing_lines": [], "excluded_lines": [], "start_line": 46}, "TestIngestionRagFlow.test_ingest_and_retrieve.MockEmbeddingFunction.name": {"executed_lines": [49], "summary": {"covered_lines": 1, "num_statements": 1, "percent_covered": 100.0, "percent_covered_display": "100", "missing_lines": 0, "excluded_lines": 0, "percent_statements_covered": 100.0, "percent_statements_covered_display": "100"}, "missing_lines": [], "excluded_lines": [], "start_line": 48}, "": {"executed_lines": [1, 2, 3, 4, 5, 7, 9], "summary": {"covered_lines": 7, "num_statements": 7, "percent_covered": 100.0, "percent_covered_display": "100", "missing_lines": 0, "excluded_lines": 0, "percent_statements_covered": 100.0, "percent_statements_covered_display": "100"}, "missing_lines": [], "excluded_lines": [], "start_line": 1}}, "classes": {"TestIngestionRagFlow": {"executed_lines": [11, 12, 16, 17, 18, 19, 31, 33, 36, 41, 42, 44, 46, 48, 51, 53, 56, 57, 65, 68, 69], "summary": {"covered_lines": 21, "num_statements": 21, "percent_covered": 100.0, "percent_covered_display": "100", "missing_lines": 0, "excluded_lines": 0, "percent_statements_covered": 100.0, "percent_statements_covered_display": "100"}, "missing_lines": [], "excluded_lines": [], "start_line": 7}, "TestIngestionRagFlow.test_ingest_and_retrieve.MockEmbeddingFunction": {"executed_lines": [43, 47, 49], "summary": {"covered_lines": 3, "num_statements": 4, "percent_covered": 75.0, "percent_covered_display": "75", "missing_lines": 1, "excluded_lines": 0, "percent_statements_covered": 75.0, "percent_statements_covered_display": "75"}, "missing_lines": [45], "excluded_lines": [], "start_line": 41}, "": {"executed_lines": [1, 2, 3, 4, 5, 7, 9], "summary": {"covered_lines": 7, "num_statements": 7, "percent_covered": 100.0, "percent_covered_display": "100", "missing_lines": 0, "excluded_lines": 0, "percent_statements_covered": 100.0, "percent_statements_covered_display": "100"}, "missing_lines": [], "excluded_lines": [], "start_line": 1}}}, "tests\\unit\\test_crawler.py": {"executed_lines": [1, 2, 3, 5, 7, 8, 9, 11, 12, 15, 17, 32, 34, 35, 37, 38, 40, 41, 42, 44, 45, 46, 54, 55, 56, 57, 62, 63, 64, 69, 70, 71], "summary": {"covered_lines": 32, "num_statements": 33, "percent_covered": 96.96969696969697, "percent_covered_display": "97", "missing_lines": 1, "excluded_lines": 0, "percent_statements_covered": 96.96969696969697, "percent_statements_covered_display": "97"}, "missing_lines": [60], "excluded_lines": [], "functions": {"TestAcademicCrawler.crawler": {"executed_lines": [9], "summary": {"covered_lines": 1, "num_statements": 1, "percent_covered": 100.0, "percent_covered_display": "100", "missing_lines": 0, "excluded_lines": 0, "percent_statements_covered": 100.0, "percent_statements_covered_display": "100"}, "missing_lines": [], "excluded_lines": [], "start_line": 8}, "TestAcademicCrawler.test_init": {"executed_lines": [12, 15], "summary": {"covered_lines": 2, "num_statements": 2, "percent_covered": 100.0, "percent_covered_display": "100", "missing_lines": 0, "excluded_lines": 0, "percent_statements_covered": 100.0, "percent_statements_covered_display": "100"}, "missing_lines": [], "excluded_lines": [], "start_line": 11}, "TestAcademicCrawler.test_is_trusted_true": {"executed_lines": [32], "summary": {"covered_lines": 1, "num_statements": 1, "percent_covered": 100.0, "percent_covered_display": "100", "missing_lines": 0, "excluded_lines": 0, "percent_statements_covered": 100.0, "percent_statements_covered_display": "100"}, "missing_lines": [], "excluded_lines": [], "start_line": 17}, "TestAcademicCrawler.test_is_trusted_false": {"executed_lines": [35], "summary": {"covered_lines": 1, "num_statements": 1, "percent_covered": 100.0, "percent_covered_display": "100", "missing_lines": 0, "excluded_lines": 0, "percent_statements_covered": 100.0, "percent_statements_covered_display": "100"}, "missing_lines": [], "excluded_lines": [], "start_line": 34}, "TestAcademicCrawler.test_fetch_page_success": {"executed_lines": [40, 41, 42, 44, 45, 46, 54, 55, 56, 57], "summary": {"covered_lines": 10, "num_statements": 11, "percent_covered": 90.9090909090909, "percent_covered_display": "91", "missing_lines": 1, "excluded_lines": 0, "percent_statements_covered": 90.9090909090909, "percent_statements_covered_display": "91"}, "missing_lines": [60], "excluded_lines": [], "start_line": 38}, "TestAcademicCrawler.test_normalize_url": {"executed_lines": [63, 64, 69, 70, 71], "summary": {"covered_lines": 5, "num_statements": 5, "percent_covered": 100.0, "percent_covered_display": "100", "missing_lines": 0, "excluded_lines": 0, "percent_statements_covered": 100.0, "percent_statements_covered_display": "100"}, "missing_lines": [], "excluded_lines": [], "start_line": 62}, "": {"executed_lines": [1, 2, 3, 5, 7, 8, 11, 17, 34, 37, 38, 62], "summary": {"covered_lines": 12, "num_statements": 12, "percent_covered": 100.0, "percent_covered_display": "100", "missing_lines": 0, "excluded_lines": 0, "percent_statements_covered": 100.0, "percent_statements_covered_display": "100"}, "missing_lines": [], "excluded_lines": [], "start_line": 1}}, "classes": {"TestAcademicCrawler": {"executed_lines": [9, 12, 15, 32, 35, 40, 41, 42, 44, 45, 46, 54, 55, 56, 57, 63, 64, 69, 70, 71], "summary": {"covered_lines": 20, "num_statements": 21, "percent_covered": 95.23809523809524, "percent_covered_display": "95", "missing_lines": 1, "excluded_lines": 0, "percent_statements_covered": 95.23809523809524, "percent_statements_covered_display": "95"}, "missing_lines": [60], "excluded_lines": [], "start_line": 5}, "": {"executed_lines": [1, 2, 3, 5, 7, 8, 11, 17, 34, 37, 38, 62], "summary": {"covered_lines": 12, "num_statements": 12, "percent_covered": 100.0, "percent_covered_display": "100", "missing_lines": 0, "excluded_lines": 0, "percent_statements_covered": 100.0, "percent_statements_covered_display": "100"}, "missing_lines": [], "excluded_lines": [], "start_line": 1}}}, "tests\\unit\\test_indexer.py": {"executed_lines": [1, 2, 3, 5, 7, 8, 9, 11, 12, 19, 20, 22, 23, 24, 26, 27, 29, 31, 32, 33, 35, 36, 37, 39, 40, 41, 43, 45, 46], "summary": {"covered_lines": 29, "num_statements": 29, "percent_covered": 100.0, "percent_covered_display": "100", "missing_lines": 0, "excluded_lines": 0, "percent_statements_covered": 100.0, "percent_statements_covered_display": "100"}, "missing_lines": [], "excluded_lines": [], "functions": {"TestInvertedIndex.index": {"executed_lines": [9], "summary": {"covered_lines": 1, "num_statements": 1, "percent_covered": 100.0, "percent_covered_display": "100", "missing_lines": 0, "excluded_lines": 0, "percent_statements_covered": 100.0, "percent_statements_covered_display": "100"}, "missing_lines": [], "excluded_lines": [], "start_line": 8}, "TestInvertedIndex.test_add_document": {"executed_lines": [12, 19, 20, 22, 23, 24], "summary": {"covered_lines": 6, "num_statements": 6, "percent_covered": 100.0, "percent_covered_display": "100", "missing_lines": 0, "excluded_lines": 0, "percent_statements_covered": 100.0, "percent_statements_covered_display": "100"}, "missing_lines": [], "excluded_lines": [], "start_line": 11}, "TestInvertedIndex.test_to_and_from_dict": {"executed_lines": [27, 29, 31, 32, 33, 35, 36, 37], "summary": {"covered_lines": 8, "num_statements": 8, "percent_covered": 100.0, "percent_covered_display": "100", "missing_lines": 0, "excluded_lines": 0, "percent_statements_covered": 100.0, "percent_statements_covered_display": "100"}, "missing_lines": [], "excluded_lines": [], "start_line": 26}, "TestInvertedIndex.test_idf_calculation": {"executed_lines": [40, 41, 43, 45, 46], "summary": {"covered_lines": 5, "num_statements": 5, "percent_covered": 100.0, "percent_covered_display": "100", "missing_lines": 0, "excluded_lines": 0, "percent_statements_covered": 100.0, "percent_statements_covered_display": "100"}, "missing_lines": [], "excluded_lines": [], "start_line": 39}, "": {"executed_lines": [1, 2, 3, 5, 7, 8, 11, 26, 39], "summary": {"covered_lines": 9, "num_statements": 9, "percent_covered": 100.0, "percent_covered_display": "100", "missing_lines": 0, "excluded_lines": 0, "percent_statements_covered": 100.0, "percent_statements_covered_display": "100"}, "missing_lines": [], "excluded_lines": [], "start_line": 1}}, "classes": {"TestInvertedIndex": {"executed_lines": [9, 12, 19, 20, 22, 23, 24, 27, 29, 31, 32, 33, 35, 36, 37, 40, 41, 43, 45, 46], "summary": {"covered_lines": 20, "num_statements": 20, "percent_covered": 100.0, "percent_covered_display": "100", "missing_lines": 0, "excluded_lines": 0, "percent_statements_covered": 100.0, "percent_statements_covered_display": "100"}, "missing_lines": [], "excluded_lines": [], "start_line": 5}, "": {"executed_lines": [1, 2, 3, 5, 7, 8, 11, 26, 39], "summary": {"covered_lines": 9, "num_statements": 9, "percent_covered": 100.0, "percent_covered_display": "100", "missing_lines": 0, "excluded_lines": 0, "percent_statements_covered": 100.0, "percent_statements_covered_display": "100"}, "missing_lines": [], "excluded_lines": [], "start_line": 1}}}, "tests\\unit\\test_ingestion.py": {"executed_lines": [1, 2, 4, 6, 7, 14, 15, 16, 17, 19, 21, 22, 30, 31], "summary": {"covered_lines": 14, "num_statements": 14, "percent_covered": 100.0, "percent_covered_display": "100", "missing_lines": 0, "excluded_lines": 0, "percent_statements_covered": 100.0, "percent_statements_covered_display": "100"}, "missing_lines": [], "excluded_lines": [], "functions": {"TestIngestion.test_metadata_extraction": {"executed_lines": [7, 14, 15, 16, 17], "summary": {"covered_lines": 5, "num_statements": 5, "percent_covered": 100.0, "percent_covered_display": "100", "missing_lines": 0, "excluded_lines": 0, "percent_statements_covered": 100.0, "percent_statements_covered_display": "100"}, "missing_lines": [], "excluded_lines": [], "start_line": 6}, "TestIngestion.test_semantic_chunking": {"executed_lines": [21, 22, 30, 31], "summary": {"covered_lines": 4, "num_statements": 4, "percent_covered": 100.0, "percent_covered_display": "100", "missing_lines": 0, "excluded_lines": 0, "percent_statements_covered": 100.0, "percent_statements_covered_display": "100"}, "missing_lines": [], "excluded_lines": [], "start_line": 19}, "": {"executed_lines": [1, 2, 4, 6, 19], "summary": {"covered_lines": 5, "num_statements": 5, "percent_covered": 100.0, "percent_covered_display": "100", "missing_lines": 0, "excluded_lines": 0, "percent_statements_covered": 100.0, "percent_statements_covered_display": "100"}, "missing_lines": [], "excluded_lines": [], "start_line": 1}}, "classes": {"TestIngestion": {"executed_lines": [7, 14, 15, 16, 17, 21, 22, 30, 31], "summary": {"covered_lines": 9, "num_statements": 9, "percent_covered": 100.0, "percent_covered_display": "100", "missing_lines": 0, "excluded_lines": 0, "percent_statements_covered": 100.0, "percent_statements_covered_display": "100"}, "missing_lines": [], "excluded_lines": [], "start_line": 4}, "": {"executed_lines": [1, 2, 4, 6, 19], "summary": {"covered_lines": 5, "num_statements": 5, "percent_covered": 100.0, "percent_covered_display": "100", "missing_lines": 0, "excluded_lines": 0, "percent_statements_covered": 100.0, "percent_statements_covered_display": "100"}, "missing_lines": [], "excluded_lines": [], "start_line": 1}}}, "tests\\unit\\test_rag.py": {"executed_lines": [1, 2, 3, 5, 7, 8, 9, 11, 12, 15, 18, 21, 22, 23, 24, 26, 27, 28, 29, 30, 33, 40, 41, 42, 43, 45, 51, 54, 56, 57, 59, 60], "summary": {"covered_lines": 32, "num_statements": 32, "percent_covered": 100.0, "percent_covered_display": "100", "missing_lines": 0, "excluded_lines": 0, "percent_statements_covered": 100.0, "percent_statements_covered_display": "100"}, "missing_lines": [], "excluded_lines": [], "functions": {"TestRAGLayer.test_init_and_add": {"executed_lines": [11, 12, 15, 18, 21, 22, 23, 24], "summary": {"covered_lines": 8, "num_statements": 8, "percent_covered": 100.0, "percent_covered_display": "100", "missing_lines": 0, "excluded_lines": 0, "percent_statements_covered": 100.0, "percent_statements_covered_display": "100"}, "missing_lines": [], "excluded_lines": [], "start_line": 9}, "TestRAGLayer.test_query": {"executed_lines": [29, 30, 33, 40, 41, 42, 43], "summary": {"covered_lines": 7, "num_statements": 7, "percent_covered": 100.0, "percent_covered_display": "100", "missing_lines": 0, "excluded_lines": 0, "percent_statements_covered": 100.0, "percent_statements_covered_display": "100"}, "missing_lines": [], "excluded_lines": [], "start_line": 28}, "TestRAGLayer.test_hyde_query_gen": {"executed_lines": [51, 54, 56, 57, 59, 60], "summary": {"covered_lines": 6, "num_statements": 6, "percent_covered": 100.0, "percent_covered_display": "100", "missing_lines": 0, "excluded_lines": 0, "percent_statements_covered": 100.0, "percent_statements_covered_display": "100"}, "missing_lines": [], "excluded_lines": [], "start_line": 45}, "": {"executed_lines": [1, 2, 3, 5, 7, 8, 9, 26, 27, 28, 45], "summary": {"covered_lines": 11, "num_statements": 11, "percent_covered": 100.0, "percent_covered_display": "100", "missing_lines": 0, "excluded_lines": 0, "percent_statements_covered": 100.0, "percent_statements_covered_display": "100"}, "missing_lines": [], "excluded_lines": [], "start_line": 1}}, "classes": {"TestRAGLayer": {"executed_lines": [11, 12, 15, 18, 21, 22, 23, 24, 29, 30, 33, 40, 41, 42, 43, 51, 54, 56, 57, 59, 60], "summary": {"covered_lines": 21, "num_statements": 21, "percent_covered": 100.0, "percent_covered_display": "100", "missing_lines": 0, "excluded_lines": 0, "percent_statements_covered": 100.0, "percent_statements_covered_display": "100"}, "missing_lines": [], "excluded_lines": [], "start_line": 5}, "": {"executed_lines": [1, 2, 3, 5, 7, 8, 9, 26, 27, 28, 45], "summary": {"covered_lines": 11, "num_statements": 11, "percent_covered": 100.0, "percent_covered_display": "100", "missing_lines": 0, "excluded_lines": 0, "percent_statements_covered": 100.0, "percent_statements_covered_display": "100"}, "missing_lines": [], "excluded_lines": [], "start_line": 1}}}, "tests\\unit\\test_ranking.py": {"executed_lines": [1, 2, 3, 4, 5, 7, 8, 9, 10, 12, 13, 14, 15, 17, 19, 22, 26, 27, 31, 33, 34, 35, 36, 38, 39, 44, 45, 46], "summary": {"covered_lines": 28, "num_statements": 28, "percent_covered": 100.0, "percent_covered_display": "100", "missing_lines": 0, "excluded_lines": 0, "percent_statements_covered": 100.0, "percent_statements_covered_display": "100"}, "missing_lines": [], "excluded_lines": [], "functions": {"TestRanking.engine": {"executed_lines": [12, 13, 14, 15, 17], "summary": {"covered_lines": 5, "num_statements": 5, "percent_covered": 100.0, "percent_covered_display": "100", "missing_lines": 0, "excluded_lines": 0, "percent_statements_covered": 100.0, "percent_statements_covered_display": "100"}, "missing_lines": [], "excluded_lines": [], "start_line": 10}, "TestRanking.test_search_scoring": {"executed_lines": [22, 26, 27, 31, 33, 34, 35, 36], "summary": {"covered_lines": 8, "num_statements": 8, "percent_covered": 100.0, "percent_covered_display": "100", "missing_lines": 0, "excluded_lines": 0, "percent_statements_covered": 100.0, "percent_statements_covered_display": "100"}, "missing_lines": [], "excluded_lines": [], "start_line": 19}, "TestRanking.test_pagerank_calculation": {"executed_lines": [39, 44, 45, 46], "summary": {"covered_lines": 4, "num_statements": 4, "percent_covered": 100.0, "percent_covered_display": "100", "missing_lines": 0, "excluded_lines": 0, "percent_statements_covered": 100.0, "percent_statements_covered_display": "100"}, "missing_lines": [], "excluded_lines": [], "start_line": 38}, "": {"executed_lines": [1, 2, 3, 4, 5, 7, 8, 9, 10, 19, 38], "summary": {"covered_lines": 11, "num_statements": 11, "percent_covered": 100.0, "percent_covered_display": "100", "missing_lines": 0, "excluded_lines": 0, "percent_statements_covered": 100.0, "percent_statements_covered_display": "100"}, "missing_lines": [], "excluded_lines": [], "start_line": 1}}, "classes": {"TestRanking": {"executed_lines": [12, 13, 14, 15, 17, 22, 26, 27, 31, 33, 34, 35, 36, 39, 44, 45, 46], "summary": {"covered_lines": 17, "num_statements": 17, "percent_covered": 100.0, "percent_covered_display": "100", "missing_lines": 0, "excluded_lines": 0, "percent_statements_covered": 100.0, "percent_statements_covered_display": "100"}, "missing_lines": [], "excluded_lines": [], "start_line": 7}, "": {"executed_lines": [1, 2, 3, 4, 5, 7, 8, 9, 10, 19, 38], "summary": {"covered_lines": 11, "num_statements": 11, "percent_covered": 100.0, "percent_covered_display": "100", "missing_lines": 0, "excluded_lines": 0, "percent_statements_covered": 100.0, "percent_statements_covered_display": "100"}, "missing_lines": [], "excluded_lines": [], "start_line": 1}}}, "tests\\unit\\test_search_agent.py": {"executed_lines": [1, 2, 3, 4, 6, 8, 9, 11, 12, 13, 15, 16, 18, 20, 21, 23, 24, 26, 27, 28, 32, 33, 34, 35, 36, 37, 40, 41, 42, 44, 49, 51, 52, 54, 55], "summary": {"covered_lines": 35, "num_statements": 35, "percent_covered": 100.0, "percent_covered_display": "100", "missing_lines": 0, "excluded_lines": 0, "percent_statements_covered": 100.0, "percent_statements_covered_display": "100"}, "missing_lines": [], "excluded_lines": [], "functions": {"TestSearchAgent.test_run_basic": {"executed_lines": [11, 12, 13, 15, 16, 18, 20, 21, 23, 24], "summary": {"covered_lines": 10, "num_statements": 10, "percent_covered": 100.0, "percent_covered_display": "100", "missing_lines": 0, "excluded_lines": 0, "percent_statements_covered": 100.0, "percent_statements_covered_display": "100"}, "missing_lines": [], "excluded_lines": [], "start_line": 9}, "TestSearchAgent.test_tool_call_flow": {"executed_lines": [32, 33, 34, 35, 36, 37, 40, 41, 42, 44, 49, 51, 52, 54, 55], "summary": {"covered_lines": 15, "num_statements": 15, "percent_covered": 100.0, "percent_covered_display": "100", "missing_lines": 0, "excluded_lines": 0, "percent_statements_covered": 100.0, "percent_statements_covered_display": "100"}, "missing_lines": [], "excluded_lines": [], "start_line": 28}, "": {"executed_lines": [1, 2, 3, 4, 6, 8, 9, 26, 27, 28], "summary": {"covered_lines": 10, "num_statements": 10, "percent_covered": 100.0, "percent_covered_display": "100", "missing_lines": 0, "excluded_lines": 0, "percent_statements_covered": 100.0, "percent_statements_covered_display": "100"}, "missing_lines": [], "excluded_lines": [], "start_line": 1}}, "classes": {"TestSearchAgent": {"executed_lines": [11, 12, 13, 15, 16, 18, 20, 21, 23, 24, 32, 33, 34, 35, 36, 37, 40, 41, 42, 44, 49, 51, 52, 54, 55], "summary": {"covered_lines": 25, "num_statements": 25, "percent_covered": 100.0, "percent_covered_display": "100", "missing_lines": 0, "excluded_lines": 0, "percent_statements_covered": 100.0, "percent_statements_covered_display": "100"}, "missing_lines": [], "excluded_lines": [], "start_line": 6}, "": {"executed_lines": [1, 2, 3, 4, 6, 8, 9, 26, 27, 28], "summary": {"covered_lines": 10, "num_statements": 10, "percent_covered": 100.0, "percent_covered_display": "100", "missing_lines": 0, "excluded_lines": 0, "percent_statements_covered": 100.0, "percent_statements_covered_display": "100"}, "missing_lines": [], "excluded_lines": [], "start_line": 1}}}, "tests\\unit\\test_tools.py": {"executed_lines": [1, 2, 3, 4, 5, 6, 7, 9, 10, 11, 12, 13, 15, 16, 17, 18, 19, 21, 22, 23, 24, 25, 27, 29, 30, 31, 33, 35, 36, 37, 38], "summary": {"covered_lines": 31, "num_statements": 31, "percent_covered": 100.0, "percent_covered_display": "100", "missing_lines": 0, "excluded_lines": 0, "percent_statements_covered": 100.0, "percent_statements_covered_display": "100"}, "missing_lines": [], "excluded_lines": [], "functions": {"TestMetricsTools.test_compare_matrix": {"executed_lines": [11, 12, 13], "summary": {"covered_lines": 3, "num_statements": 3, "percent_covered": 100.0, "percent_covered_display": "100", "missing_lines": 0, "excluded_lines": 0, "percent_statements_covered": 100.0, "percent_statements_covered_display": "100"}, "missing_lines": [], "excluded_lines": [], "start_line": 10}, "TestMetricsTools.test_detect_conflicts": {"executed_lines": [16, 17, 18, 19], "summary": {"covered_lines": 4, "num_statements": 4, "percent_covered": 100.0, "percent_covered_display": "100", "missing_lines": 0, "excluded_lines": 0, "percent_statements_covered": 100.0, "percent_statements_covered_display": "100"}, "missing_lines": [], "excluded_lines": [], "start_line": 15}, "TestMetricsTools.test_bibtex_export": {"executed_lines": [22, 23, 24, 25], "summary": {"covered_lines": 4, "num_statements": 4, "percent_covered": 100.0, "percent_covered_display": "100", "missing_lines": 0, "excluded_lines": 0, "percent_statements_covered": 100.0, "percent_statements_covered_display": "100"}, "missing_lines": [], "excluded_lines": [], "start_line": 21}, "TestMetricsTools.test_logger": {"executed_lines": [29, 30, 31, 33, 35, 36, 37, 38], "summary": {"covered_lines": 8, "num_statements": 8, "percent_covered": 100.0, "percent_covered_display": "100", "missing_lines": 0, "excluded_lines": 0, "percent_statements_covered": 100.0, "percent_statements_covered_display": "100"}, "missing_lines": [], "excluded_lines": [], "start_line": 27}, "": {"executed_lines": [1, 2, 3, 4, 5, 6, 7, 9, 10, 15, 21, 27], "summary": {"covered_lines": 12, "num_statements": 12, "percent_covered": 100.0, "percent_covered_display": "100", "missing_lines": 0, "excluded_lines": 0, "percent_statements_covered": 100.0, "percent_statements_covered_display": "100"}, "missing_lines": [], "excluded_lines": [], "start_line": 1}}, "classes": {"TestMetricsTools": {"executed_lines": [11, 12, 13, 16, 17, 18, 19, 22, 23, 24, 25, 29, 30, 31, 33, 35, 36, 37, 38], "summary": {"covered_lines": 19, "num_statements": 19, "percent_covered": 100.0, "percent_covered_display": "100", "missing_lines": 0, "excluded_lines": 0, "percent_statements_covered": 100.0, "percent_statements_covered_display": "100"}, "missing_lines": [], "excluded_lines": [], "start_line": 9}, "": {"executed_lines": [1, 2, 3, 4, 5, 6, 7, 9, 10, 15, 21, 27], "summary": {"covered_lines": 12, "num_statements": 12, "percent_covered": 100.0, "percent_covered_display": "100", "missing_lines": 0, "excluded_lines": 0, "percent_statements_covered": 100.0, "percent_statements_covered_display": "100"}, "missing_lines": [], "excluded_lines": [], "start_line": 1}}}, "tools\\__init__.py": {"executed_lines": [], "summary": {"covered_lines": 0, "num_statements": 0, "percent_covered": 100.0, "percent_covered_display": "100", "missing_lines": 0, "excluded_lines": 0, "percent_statements_covered": 100.0, "percent_statements_covered_display": "100"}, "missing_lines": [], "excluded_lines": [], "functions": {"": {"executed_lines": [], "summary": {"covered_lines": 0, "num_statements": 0, "percent_covered": 100.0, "percent_covered_display": "100", "missing_lines": 0, "excluded_lines": 0, "percent_statements_covered": 100.0, "percent_statements_covered_display": "100"}, "missing_lines": [], "excluded_lines": [], "start_line": 1}}, "classes": {"": {"executed_lines": [], "summary": {"covered_lines": 0, "num_statements": 0, "percent_covered": 100.0, "percent_covered_display": "100", "missing_lines": 0, "excluded_lines": 0, "percent_statements_covered": 100.0, "percent_statements_covered_display": "100"}, "missing_lines": [], "excluded_lines": [], "start_line": 1}}}, "tools\\bib.py": {"executed_lines": [1, 2, 3, 5, 32, 36, 37, 38, 39, 48, 50], "summary": {"covered_lines": 11, "num_statements": 11, "percent_covered": 100.0, "percent_covered_display": "100", "missing_lines": 0, "excluded_lines": 0, "percent_statements_covered": 100.0, "percent_statements_covered_display": "100"}, "missing_lines": [], "excluded_lines": [], "functions": {"export_to_bibtex": {"executed_lines": [36, 37, 38, 39, 48, 50], "summary": {"covered_lines": 6, "num_statements": 6, "percent_covered": 100.0, "percent_covered_display": "100", "missing_lines": 0, "excluded_lines": 0, "percent_statements_covered": 100.0, "percent_statements_covered_display": "100"}, "missing_lines": [], "excluded_lines": [], "start_line": 32}, "": {"executed_lines": [1, 2, 3, 5, 32], "summary": {"covered_lines": 5, "num_statements": 5, "percent_covered": 100.0, "percent_covered_display": "100", "missing_lines": 0, "excluded_lines": 0, "percent_statements_covered": 100.0, "percent_statements_covered_display": "100"}, "missing_lines": [], "excluded_lines": [], "start_line": 1}}, "classes": {"": {"executed_lines": [1, 2, 3, 5, 32, 36, 37, 38, 39, 48, 50], "summary": {"covered_lines": 11, "num_statements": 11, "percent_covered": 100.0, "percent_covered_display": "100", "missing_lines": 0, "excluded_lines": 0, "percent_statements_covered": 100.0, "percent_statements_covered_display": "100"}, "missing_lines": [], "excluded_lines": [], "start_line": 1}}}, "tools\\handbook.py": {"executed_lines": [1, 2, 3, 4, 6, 8, 9, 11, 20], "summary": {"covered_lines": 9, "num_statements": 16, "percent_covered": 56.25, "percent_covered_display": "56", "missing_lines": 7, "excluded_lines": 0, "percent_statements_covered": 56.25, "percent_statements_covered_display": "56"}, "missing_lines": [26, 27, 29, 30, 31, 32, 33], "excluded_lines": [], "functions": {"search_handbook": {"executed_lines": [], "summary": {"covered_lines": 0, "num_statements": 7, "percent_covered": 0.0, "percent_covered_display": "0", "missing_lines": 7, "excluded_lines": 0, "percent_statements_covered": 0.0, "percent_statements_covered_display": "0"}, "missing_lines": [26, 27, 29, 30, 31, 32, 33], "excluded_lines": [], "start_line": 20}, "": {"executed_lines": [1, 2, 3, 4, 6, 8, 9, 11, 20], "summary": {"covered_lines": 9, "num_statements": 9, "percent_covered": 100.0, "percent_covered_display": "100", "missing_lines": 0, "excluded_lines": 0, "percent_statements_covered": 100.0, "percent_statements_covered_display": "100"}, "missing_lines": [], "excluded_lines": [], "start_line": 1}}, "classes": {"HandbookInput": {"executed_lines": [], "summary": {"covered_lines": 0, "num_statements": 0, "percent_covered": 100.0, "percent_covered_display": "100", "missing_lines": 0, "excluded_lines": 0, "percent_statements_covered": 100.0, "percent_statements_covered_display": "100"}, "missing_lines": [], "excluded_lines": [], "start_line": 8}, "": {"executed_lines": [1, 2, 3, 4, 6, 8, 9, 11, 20], "summary": {"covered_lines": 9, "num_statements": 16, "percent_covered": 56.25, "percent_covered_display": "56", "missing_lines": 7, "excluded_lines": 0, "percent_statements_covered": 56.25, "percent_statements_covered_display": "56"}, "missing_lines": [26, 27, 29, 30, 31, 32, 33], "excluded_lines": [], "start_line": 1}}}, "tools\\ingestion.py": {"executed_lines": [1, 2, 3, 4, 5, 6, 7, 9, 10, 11, 13, 15, 20, 22, 23, 25, 29, 30, 33, 34, 35, 38, 39, 40, 43, 44, 45, 47, 49, 54, 55, 56, 58, 59, 60, 62, 63, 66, 77, 79, 80, 81, 83, 84, 85, 88, 90, 92, 93, 95, 97, 98, 103, 104, 107, 108, 111, 112, 118, 120, 125, 164, 219, 220, 221, 226], "summary": {"covered_lines": 66, "num_statements": 117, "percent_covered": 56.41025641025641, "percent_covered_display": "56", "missing_lines": 51, "excluded_lines": 0, "percent_statements_covered": 56.41025641025641, "percent_statements_covered_display": "56"}, "missing_lines": [67, 68, 69, 70, 71, 73, 74, 75, 86, 94, 96, 100, 122, 123, 126, 127, 128, 130, 131, 132, 134, 135, 136, 137, 139, 143, 149, 151, 165, 166, 167, 169, 170, 172, 173, 175, 176, 177, 178, 181, 183, 184, 188, 189, 191, 193, 196, 197, 202, 222, 224], "excluded_lines": [], "functions": {"detect_mime_type": {"executed_lines": [10, 11], "summary": {"covered_lines": 2, "num_statements": 2, "percent_covered": 100.0, "percent_covered_display": "100", "missing_lines": 0, "excluded_lines": 0, "percent_statements_covered": 100.0, "percent_statements_covered_display": "100"}, "missing_lines": [], "excluded_lines": [], "start_line": 9}, "redact_text": {"executed_lines": [20, 22, 23], "summary": {"covered_lines": 3, "num_statements": 3, "percent_covered": 100.0, "percent_covered_display": "100", "missing_lines": 0, "excluded_lines": 0, "percent_statements_covered": 100.0, "percent_statements_covered_display": "100"}, "missing_lines": [], "excluded_lines": [], "start_line": 15}, "extract_academic_metadata": {"executed_lines": [29, 30, 33, 34, 35, 38, 39, 40, 43, 44, 45, 47], "summary": {"covered_lines": 12, "num_statements": 12, "percent_covered": 100.0, "percent_covered_display": "100", "missing_lines": 0, "excluded_lines": 0, "percent_statements_covered": 100.0, "percent_statements_covered_display": "100"}, "missing_lines": [], "excluded_lines": [], "start_line": 25}, "_chunk_text_semantically": {"executed_lines": [54, 55, 56, 58, 59, 60, 62, 63, 66, 77, 79, 80, 81], "summary": {"covered_lines": 13, "num_statements": 21, "percent_covered": 61.904761904761905, "percent_covered_display": "62", "missing_lines": 8, "excluded_lines": 0, "percent_statements_covered": 61.904761904761905, "percent_statements_covered_display": "62"}, "missing_lines": [67, 68, 69, 70, 71, 73, 74, 75], "excluded_lines": [], "start_line": 49}, "ingest_file": {"executed_lines": [84, 85, 88, 90, 92, 93, 95, 97, 98, 103, 104, 107, 108, 111, 112, 118, 120], "summary": {"covered_lines": 17, "num_statements": 23, "percent_covered": 73.91304347826087, "percent_covered_display": "74", "missing_lines": 6, "excluded_lines": 0, "percent_statements_covered": 73.91304347826087, "percent_statements_covered_display": "74"}, "missing_lines": [86, 94, 96, 100, 122, 123], "excluded_lines": [], "start_line": 83}, "_ingest_pdf": {"executed_lines": [], "summary": {"covered_lines": 0, "num_statements": 14, "percent_covered": 0.0, "percent_covered_display": "0", "missing_lines": 14, "excluded_lines": 0, "percent_statements_covered": 0.0, "percent_statements_covered_display": "0"}, "missing_lines": [126, 127, 128, 130, 131, 132, 134, 135, 136, 137, 139, 143, 149, 151], "excluded_lines": [], "start_line": 125}, "_ingest_docx": {"executed_lines": [], "summary": {"covered_lines": 0, "num_statements": 21, "percent_covered": 0.0, "percent_covered_display": "0", "missing_lines": 21, "excluded_lines": 0, "percent_statements_covered": 0.0, "percent_statements_covered_display": "0"}, "missing_lines": [165, 166, 167, 169, 170, 172, 173, 175, 176, 177, 178, 181, 183, 184, 188, 189, 191, 193, 196, 197, 202], "excluded_lines": [], "start_line": 164}, "_ingest_text": {"executed_lines": [220, 221, 226], "summary": {"covered_lin
[...]
rcent_covered": 92.3076923076923, "percent_covered_display": "92", "missing_lines": 1, "excluded_lines": 0, "percent_statements_covered": 92.3076923076923, "percent_statements_covered_display": "92"}, "missing_lines": [22], "excluded_lines": [], "functions": {"log_activity": {"executed_lines": [12, 18, 19], "summary": {"covered_lines": 3, "num_statements": 3, "percent_covered": 100.0, "percent_covered_display": "100", "missing_lines": 0, "excluded_lines": 0, "percent_statements_covered": 100.0, "percent_statements_covered_display": "100"}, "missing_lines": [], "excluded_lines": [], "start_line": 8}, "log_tool_call": {"executed_lines": [], "summary": {"covered_lines": 0, "num_statements": 1, "percent_covered": 0.0, "percent_covered_display": "0", "missing_lines": 1, "excluded_lines": 0, "percent_statements_covered": 0.0, "percent_statements_covered_display": "0"}, "missing_lines": [22], "excluded_lines": [], "start_line": 21}, "log_agent_run": {"executed_lines": [30], "summary": {"covered_lines": 1, "num_statements": 1, "percent_covered": 100.0, "percent_covered_display": "100", "missing_lines": 0, "excluded_lines": 0, "percent_statements_covered": 100.0, "percent_statements_covered_display": "100"}, "missing_lines": [], "excluded_lines": [], "start_line": 29}, "": {"executed_lines": [1, 2, 3, 4, 6, 8, 21, 29], "summary": {"covered_lines": 8, "num_statements": 8, "percent_covered": 100.0, "percent_covered_display": "100", "missing_lines": 0, "excluded_lines": 0, "percent_statements_covered": 100.0, "percent_statements_covered_display": "100"}, "missing_lines": [], "excluded_lines": [], "start_line": 1}}, "classes": {"": {"executed_lines": [1, 2, 3, 4, 6, 8, 12, 18, 19, 21, 29, 30], "summary": {"covered_lines": 12, "num_statements": 13, "percent_covered": 92.3076923076923, "percent_covered_display": "92", "missing_lines": 1, "excluded_lines": 0, "percent_statements_covered": 92.3076923076923, "percent_statements_covered_display": "92"}, "missing_lines": [22], "excluded_lines": [], "start_line": 1}}}, "tools\\models.py": {"executed_lines": [1, 2, 4, 6, 10, 11, 12, 13, 14, 16, 20, 21], "summary": {"covered_lines": 12, "num_statements": 12, "percent_covered": 100.0, "percent_covered_display": "100", "missing_lines": 0, "excluded_lines": 0, "percent_statements_covered": 100.0, "percent_statements_covered_display": "100"}, "missing_lines": [], "excluded_lines": [], "functions": {"": {"executed_lines": [1, 2, 4, 6, 10, 11, 12, 13, 14, 16, 20, 21], "summary": {"covered_lines": 12, "num_statements": 12, "percent_covered": 100.0, "percent_covered_display": "100", "missing_lines": 0, "excluded_lines": 0, "percent_statements_covered": 100.0, "percent_statements_covered_display": "100"}, "missing_lines": [], "excluded_lines": [], "start_line": 1}}, "classes": {"Citation": {"executed_lines": [], "summary": {"covered_lines": 0, "num_statements": 0, "percent_covered": 100.0, "percent_covered_display": "100", "missing_lines": 0, "excluded_lines": 0, "percent_statements_covered": 100.0, "percent_statements_covered_display": "100"}, "missing_lines": [], "excluded_lines": [], "start_line": 6}, "AgentAnswer": {"executed_lines": [], "summary": {"covered_lines": 0, "num_statements": 0, "percent_covered": 100.0, "percent_covered_display": "100", "missing_lines": 0, "excluded_lines": 0, "percent_statements_covered": 100.0, "percent_statements_covered_display": "100"}, "missing_lines": [], "excluded_lines": [], "start_line": 16}, "": {"executed_lines": [1, 2, 4, 6, 10, 11, 12, 13, 14, 16, 20, 21], "summary": {"covered_lines": 12, "num_statements": 12, "percent_covered": 100.0, "percent_covered_display": "100", "missing_lines": 0, "excluded_lines": 0, "percent_statements_covered": 100.0, "percent_statements_covered_display": "100"}, "missing_lines": [], "excluded_lines": [], "start_line": 1}}}, "tools\\rag.py": {"executed_lines": [1, 2, 3, 4, 5, 8, 9, 10, 12, 13, 14, 15, 16, 18, 19, 20, 23, 27, 32, 37, 38, 40, 41, 43, 44, 46, 48, 49, 50, 52, 53, 55, 56, 63, 64, 65, 67, 68, 69, 71, 73, 78, 81, 82, 90, 91, 95, 116, 120, 121, 124, 125, 126, 132, 133, 134, 142, 143, 144, 145, 146, 147, 149, 165, 167, 170, 171, 172, 174, 175, 176, 177, 178, 181, 184, 186], "summary": {"covered_lines": 76, "num_statements": 93, "percent_covered": 81.72043010752688, "percent_covered_display": "82", "missing_lines": 17, "excluded_lines": 0, "percent_statements_covered": 81.72043010752688, "percent_statements_covered_display": "82"}, "missing_lines": [79, 92, 93, 99, 100, 102, 103, 111, 112, 113, 114, 122, 168, 179, 188, 189, 190], "excluded_lines": [], "functions": {"RAGLayer.__init__": {"executed_lines": [20, 23, 27], "summary": {"covered_lines": 3, "num_statements": 3, "percent_covered": 100.0, "percent_covered_display": "100", "missing_lines": 0, "excluded_lines": 0, "percent_statements_covered": 100.0, "percent_statements_covered_display": "100"}, "missing_lines": [], "excluded_lines": [], "start_line": 19}, "RAGLayer.add_document": {"executed_lines": [37, 38, 40, 41, 43, 44, 46, 48, 49, 50, 52, 53, 55, 56, 63, 64, 65, 67, 68, 69, 71], "summary": {"covered_lines": 21, "num_statements": 21, "percent_covered": 100.0, "percent_covered_display": "100", "missing_lines": 0, "excluded_lines": 0, "percent_statements_covered": 100.0, "percent_statements_covered_display": "100"}, "missing_lines": [], "excluded_lines": [], "start_line": 32}, "RAGLayer.generate_hyde_query": {"executed_lines": [78, 81, 82, 90, 91], "summary": {"covered_lines": 5, "num_statements": 8, "percent_covered": 62.5, "percent_covered_display": "62", "missing_lines": 3, "excluded_lines": 0, "percent_statements_covered": 62.5, "percent_statements_covered_display": "62"}, "missing_lines": [79, 92, 93], "excluded_lines": [], "start_line": 73}, "RAGLayer.generate_expanded_queries": {"executed_lines": [], "summary": {"covered_lines": 0, "num_statements": 8, "percent_covered": 0.0, "percent_covered_display": "0", "missing_lines": 8, "excluded_lines": 0, "percent_statements_covered": 0.0, "percent_statements_covered_display": "0"}, "missing_lines": [99, 100, 102, 103, 111, 112, 113, 114], "excluded_lines": [], "start_line": 95}, "RAGLayer.query": {"executed_lines": [120, 121, 124, 125, 126, 132, 133, 134, 142, 143, 144, 145, 146, 147, 149], "summary": {"covered_lines": 15, "num_statements": 16, "percent_covered": 93.75, "percent_covered_display": "94", "missing_lines": 1, "excluded_lines": 0, "percent_statements_covered": 93.75, "percent_statements_covered_display": "94"}, "missing_lines": [122], "excluded_lines": [], "start_line": 116}, "RAGLayer._chunk_text": {"executed_lines": [167, 170, 171, 172, 174, 175, 176, 177, 178, 181], "summary": {"covered_lines": 10, "num_statements": 12, "percent_covered": 83.33333333333333, "percent_covered_display": "83", "missing_lines": 2, "excluded_lines": 0, "percent_statements_covered": 83.33333333333333, "percent_statements_covered_display": "83"}, "missing_lines": [168, 179], "excluded_lines": [], "start_line": 165}, "get_rag_layer": {"executed_lines": [], "summary": {"covered_lines": 0, "num_statements": 3, "percent_covered": 0.0, "percent_covered_display": "0", "missing_lines": 3, "excluded_lines": 0, "percent_statements_covered": 0.0, "percent_statements_covered_display": "0"}, "missing_lines": [188, 189, 190], "excluded_lines": [], "start_line": 186}, "": {"executed_lines": [1, 2, 3, 4, 5, 8, 9, 10, 12, 13, 14, 15, 16, 18, 19, 32, 73, 95, 116, 165, 184, 186], "summary": {"covered_lines": 22, "num_statements": 22, "percent_covered": 100.0, "percent_covered_display": "100", "missing_lines": 0, "excluded_lines": 0, "percent_statements_covered": 100.0, "percent_statements_covered_display": "100"}, "missing_lines": [], "excluded_lines": [], "start_line": 1}}, "classes": {"Chunk": {"executed_lines": [], "summary": {"covered_lines": 0, "num_statements": 0, "percent_covered": 100.0, "percent_covered_display": "100", "missing_lines": 0, "excluded_lines": 0, "percent_statements_covered": 100.0, "percent_statements_covered_display": "100"}, "missing_lines": [], "excluded_lines": [], "start_line": 12}, "RAGLayer": {"executed_lines": [20, 23, 27, 37, 38, 40, 41, 43, 44, 46, 48, 49, 50, 52, 53, 55, 56, 63, 64, 65, 67, 68, 69, 71, 78, 81, 82, 90, 91, 120, 121, 124, 125, 126, 132, 133, 134, 142, 143, 144, 145, 146, 147, 149, 167, 170, 171, 172, 174, 175, 176, 177, 178, 181], "summary": {"covered_lines": 54, "num_statements": 68, "percent_covered": 79.41176470588235, "percent_covered_display": "79", "missing_lines": 14, "excluded_lines": 0, "percent_statements_covered": 79.41176470588235, "percent_statements_covered_display": "79"}, "missing_lines": [79, 92, 93, 99, 100, 102, 103, 111, 112, 113, 114, 122, 168, 179], "excluded_lines": [], "start_line": 18}, "": {"executed_lines": [1, 2, 3, 4, 5, 8, 9, 10, 12, 13, 14, 15, 16, 18, 19, 32, 73, 95, 116, 165, 184, 186], "summary": {"covered_lines": 22, "num_statements": 25, "percent_covered": 88.0, "percent_covered_display": "88", "missing_lines": 3, "excluded_lines": 0, "percent_statements_covered": 88.0, "percent_statements_covered_display": "88"}, "missing_lines": [188, 189, 190], "excluded_lines": [], "start_line": 1}}}, "tools\\rag_tool.py": {"executed_lines": [1, 2, 3, 4, 6, 7, 9, 18], "summary": {"covered_lines": 8, "num_statements": 17, "percent_covered": 47.05882352941177, "percent_covered_display": "47", "missing_lines": 9, "excluded_lines": 0, "percent_statements_covered": 47.05882352941177, "percent_statements_covered_display": "47"}, "missing_lines": [19, 23, 25, 26, 28, 29, 30, 32, 39], "excluded_lines": [], "functions": {"search_uploaded_docs": {"executed_lines": [], "summary": {"covered_lines": 0, "num_statements": 9, "percent_covered": 0.0, "percent_covered_display": "0", "missing_lines": 9, "excluded_lines": 0, "percent_statements_covered": 0.0, "percent_statements_covered_display": "0"}, "missing_lines": [19, 23, 25, 26, 28, 29, 30, 32, 39], "excluded_lines": [], "start_line": 18}, "": {"executed_lines": [1, 2, 3, 4, 6, 7, 9, 18], "summary": {"covered_lines": 8, "num_statements": 8, "percent_covered": 100.0, "percent_covered_display": "100", "missing_lines": 0, "excluded_lines": 0, "percent_statements_covered": 100.0, "percent_statements_covered_display": "100"}, "missing_lines": [], "excluded_lines": [], "start_line": 1}}, "classes": {"RagSearchInput": {"executed_lines": [], "summary": {"covered_lines": 0, "num_statements": 0, "percent_covered": 100.0, "percent_covered_display": "100", "missing_lines": 0, "excluded_lines": 0, "percent_statements_covered": 100.0, "percent_statements_covered_display": "100"}, "missing_lines": [], "excluded_lines": [], "start_line": 6}, "": {"executed_lines": [1, 2, 3, 4, 6, 7, 9, 18], "summary": {"covered_lines": 8, "num_statements": 17, "percent_covered": 47.05882352941177, "percent_covered_display": "47", "missing_lines": 9, "excluded_lines": 0, "percent_statements_covered": 47.05882352941177, "percent_statements_covered_display": "47"}, "missing_lines": [19, 23, 25, 26, 28, 29, 30, 32, 39], "excluded_lines": [], "start_line": 1}}}, "tools\\single_page.py": {"executed_lines": [1, 2, 3, 4, 7, 8, 9, 11, 12, 13, 14, 15, 16, 18], "summary": {"covered_lines": 14, "num_statements": 34, "percent_covered": 41.1764705882353, "percent_covered_display": "41", "missing_lines": 20, "excluded_lines": 0, "percent_statements_covered": 41.1764705882353, "percent_statements_covered_display": "41"}, "missing_lines": [22, 23, 24, 25, 28, 29, 30, 38, 41, 42, 45, 46, 47, 48, 49, 52, 53, 55, 62, 63], "excluded_lines": [], "functions": {"fetch_single_page": {"executed_lines": [], "summary": {"covered_lines": 0, "num_statements": 20, "percent_covered": 0.0, "percent_covered_display": "0", "missing_lines": 20, "excluded_lines": 0, "percent_statements_covered": 0.0, "percent_statements_covered_display": "0"}, "missing_lines": [22, 23, 24, 25, 28, 29, 30, 38, 41, 42, 45, 46, 47, 48, 49, 52, 53, 55, 62, 63], "excluded_lines": [], "start_line": 18}, "": {"executed_lines": [1, 2, 3, 4, 7, 8, 9, 11, 12, 13, 14, 15, 16, 18], "summary": {"covered_lines": 14, "num_statements": 14, "percent_covered": 100.0, "percent_covered_display": "100", "missing_lines": 0, "excluded_lines": 0, "percent_statements_covered": 100.0, "percent_statements_covered_display": "100"}, "missing_lines": [], "excluded_lines": [], "start_line": 1}}, "classes": {"PageContent": {"executed_lines": [], "summary": {"covered_lines": 0, "num_statements": 0, "percent_covered": 100.0, "percent_covered_display": "100", "missing_lines": 0, "excluded_lines": 0, "percent_statements_covered": 100.0, "percent_statements_covered_display": "100"}, "missing_lines": [], "excluded_lines": [], "start_line": 11}, "": {"executed_lines": [1, 2, 3, 4, 7, 8, 9, 11, 12, 13, 14, 15, 16, 18], "summary": {"covered_lines": 14, "num_statements": 34, "percent_covered": 41.1764705882353, "percent_covered_display": "41", "missing_lines": 20, "excluded_lines": 0, "percent_statements_covered": 41.1764705882353, "percent_statements_covered_display": "41"}, "missing_lines": [22, 23, 24, 25, 28, 29, 30, 38, 41, 42, 45, 46, 47, 48, 49, 52, 53, 55, 62, 63], "excluded_lines": [], "start_line": 1}}}, "tools\\verification.py": {"executed_lines": [1, 2, 3, 5, 10, 13, 14, 17, 19, 33, 35, 39, 40, 41], "summary": {"covered_lines": 14, "num_statements": 22, "percent_covered": 63.63636363636363, "percent_covered_display": "64", "missing_lines": 8, "excluded_lines": 0, "percent_statements_covered": 63.63636363636363, "percent_statements_covered_display": "64"}, "missing_lines": [20, 21, 22, 23, 25, 26, 31, 43], "excluded_lines": [], "functions": {"verify_citations": {"executed_lines": [10, 13, 14, 17, 19, 33], "summary": {"covered_lines": 6, "num_statements": 13, "percent_covered": 46.15384615384615, "percent_covered_display": "46", "missing_lines": 7, "excluded_lines": 0, "percent_statements_covered": 46.15384615384615, "percent_statements_covered_display": "46"}, "missing_lines": [20, 21, 22, 23, 25, 26, 31], "excluded_lines": [], "start_line": 5}, "audit_hallucination": {"executed_lines": [39, 40, 41], "summary": {"covered_lines": 3, "num_statements": 4, "percent_covered": 75.0, "percent_covered_display": "75", "missing_lines": 1, "excluded_lines": 0, "percent_statements_covered": 75.0, "percent_statements_covered_display": "75"}, "missing_lines": [43], "excluded_lines": [], "start_line": 35}, "": {"executed_lines": [1, 2, 3, 5, 35], "summary": {"covered_lines": 5, "num_statements": 5, "percent_covered": 100.0, "percent_covered_display": "100", "missing_lines": 0, "excluded_lines": 0, "percent_statements_covered": 100.0, "percent_statements_covered_display": "100"}, "missing_lines": [], "excluded_lines": [], "start_line": 1}}, "classes": {"": {"executed_lines": [1, 2, 3, 5, 10, 13, 14, 17, 19, 33, 35, 39, 40, 41], "summary": {"covered_lines": 14, "num_statements": 22, "percent_covered": 63.63636363636363, "percent_covered_display": "64", "missing_lines": 8, "excluded_lines": 0, "percent_statements_covered": 63.63636363636363, "percent_statements_covered_display": "64"}, "missing_lines": [20, 21, 22, 23, 25, 26, 31, 43], "excluded_lines": [], "start_line": 1}}}, "tools\\web_search.py": {"executed_lines": [1, 2, 3, 5, 6, 7, 10, 19], "summary": {"covered_lines": 8, "num_statements": 10, "percent_covered": 80.0, "percent_covered_display": "80", "missing_lines": 2, "excluded_lines": 0, "percent_statements_covered": 80.0, "percent_statements_covered_display": "80"}, "missing_lines": [30, 32], "excluded_lines": [], "functions": {"web_search": {"executed_lines": [], "summary": {"covered_lines": 0, "num_statements": 2, "percent_covered": 0.0, "percent_covered_display": "0", "missing_lines": 2, "excluded_lines": 0, "percent_statements_covered": 0.0, "percent_statements_covered_display": "0"}, "missing_lines": [30, 32], "excluded_lines": [], "start_line": 19}, "": {"executed_lines": [1, 2, 3, 5, 6, 7, 10, 19], "summary": {"covered_lines": 8, "num_statements": 8, "percent_covered": 100.0, "percent_covered_display": "100", "missing_lines": 0, "excluded_lines": 0, "percent_statements_covered": 100.0, "percent_statements_covered_display": "100"}, "missing_lines": [], "excluded_lines": [], "start_line": 1}}, "classes": {"WebSearchInput": {"executed_lines": [], "summary": {"covered_lines": 0, "num_statements": 0, "percent_covered": 100.0, "percent_covered_display": "100", "missing_lines": 0, "excluded_lines": 0, "percent_statements_covered": 100.0, "percent_statements_covered_display": "100"}, "missing_lines": [], "excluded_lines": [], "start_line": 5}, "": {"executed_lines": [1, 2, 3, 5, 6, 7, 10, 19], "summary": {"covered_lines": 8, "num_statements": 10, "percent_covered": 80.0, "percent_covered_display": "80", "missing_lines": 2, "excluded_lines": 0, "percent_statements_covered": 80.0, "percent_statements_covered_display": "80"}, "missing_lines": [30, 32], "excluded_lines": [], "start_line": 1}}}, "trusted_sources.py": {"executed_lines": [3, 5, 6, 9, 10, 11, 12, 13, 16, 198, 199, 200, 203, 206, 207, 209, 210, 211, 212, 213, 215, 216, 217, 218, 221, 224], "summary": {"covered_lines": 26, "num_statements": 28, "percent_covered": 92.85714285714286, "percent_covered_display": "93", "missing_lines": 2, "excluded_lines": 0, "percent_statements_covered": 92.85714285714286, "percent_statements_covered_display": "93"}, "missing_lines": [214, 225], "excluded_lines": [], "functions": {"iter_all_seed_urls": {"executed_lines": [199, 200], "summary": {"covered_lines": 2, "num_statements": 2, "percent_covered": 100.0, "percent_covered_display": "100", "missing_lines": 0, "excluded_lines": 0, "percent_statements_covered": 100.0, "percent_statements_covered_display": "100"}, "missing_lines": [], "excluded_lines": [], "start_line": 198}, "derive_domain_suffixes": {"executed_lines": [207, 209, 210, 211, 212, 213, 215, 216, 217, 218], "summary": {"covered_lines": 10, "num_statements": 11, "percent_covered": 90.9090909090909, "percent_covered_display": "91", "missing_lines": 1, "excluded_lines": 0, "percent_statements_covered": 90.9090909090909, "percent_statements_covered_display": "91"}, "missing_lines": [214], "excluded_lines": [], "start_line": 206}, "category_map": {"executed_lines": [], "summary": {"covered_lines": 0, "num_statements": 1, "percent_covered": 0.0, "percent_covered_display": "0", "missing_lines": 1, "excluded_lines": 0, "percent_statements_covered": 0.0, "percent_statements_covered_display": "0"}, "missing_lines": [225], "excluded_lines": [], "start_line": 224}, "": {"executed_lines": [3, 5, 6, 9, 10, 11, 12, 13, 16, 198, 203, 206, 221, 224], "summary": {"covered_lines": 14, "num_statements": 14, "percent_covered": 100.0, "percent_covered_display": "100", "missing_lines": 0, "excluded_lines": 0, "percent_statements_covered": 100.0, "percent_statements_covered_display": "100"}, "missing_lines": [], "excluded_lines": [], "start_line": 1}}, "classes": {"SourceCategory": {"executed_lines": [], "summary": {"covered_lines": 0, "num_statements": 0, "percent_covered": 100.0, "percent_covered_display": "100", "missing_lines": 0, "excluded_lines": 0, "percent_statements_covered": 100.0, "percent_statements_covered_display": "100"}, "missing_lines": [], "excluded_lines": [], "start_line": 10}, "": {"executed_lines": [3, 5, 6, 9, 10, 11, 12, 13, 16, 198, 199, 200, 203, 206, 207, 209, 210, 211, 212, 213, 215, 216, 217, 218, 221, 224], "summary": {"covered_lines": 26, "num_statements": 28, "percent_covered": 92.85714285714286, "percent_covered_display": "93", "missing_lines": 2, "excluded_lines": 0, "percent_statements_covered": 92.85714285714286, "percent_statements_covered_display": "93"}, "missing_lines": [214, 225], "excluded_lines": [], "start_line": 1}}}}, "totals": {"covered_lines": 940, "num_statements": 1633, "percent_covered": 57.56276791181874, "percent_covered_display": "58", "missing_lines": 693, "excluded_lines": 2, "percent_statements_covered": 57.56276791181874, "percent_statements_covered_display": "58"}}